
 
 
 ###################### 
 ###################### 

 This is the result of test on 2018-04-17 03:33:10 GMT time 

 global_map,0.0 ,0
 global_map,4.3706 ,20
 global_map,4.3706 ,40
 global_map,6.0507 ,60
 global_map,6.8006 ,80
 global_map,7.6309 ,100
 global_map,8.444 ,120
 global_map,10.2174 ,140
 global_map,10.8058 ,160
 global_map,12.0744 ,180
 global_map,14.276 ,200
 global_map,17.0412 ,220
 global_map,19.623 ,240
 global_map,21.8652 ,260
 global_map,24.2267 ,280
 global_map,27.91 ,300
 global_map,29.5151 ,320
 global_map,30.31 ,340
 global_map,31.312 ,360
 global_map,32.5336 ,380
 global_map,33.0927 ,400
 global_map,36.1633 ,420
 global_map,37.565 ,440
 global_map,39.7251 ,460
 global_map,41.3262 ,480
 global_map,41.3368 ,500
 global_map,42.4243 ,520
 global_map,44.3272 ,540
 global_map,44.3301 ,560
 global_map,46.2519 ,580
 global_map,47.6406 ,600
 global_map,47.6406 ,620
 global_map,49.0265 ,640
 global_map,49.1022 ,660
 global_map,49.1022 ,680
 global_map,50.6372 ,700
 global_map,50.6372 ,720
 global_map,50.6376 ,740
 global_map,50.6372 ,760
 global_map,52.6352 ,780
 global_map,52.7654 ,800
 global_map,54.2021 ,820
 global_map,54.6368 ,840
 global_map,54.6368 ,860
 global_map,55.4915 ,880
 global_map,55.5602 ,900
 global_map,55.5867 ,920
 global_map,55.7382 ,940
 global_map,56.0964 ,960
 global_map,56.176 ,980
 global_map,56.2777 ,1000
 global_map,56.4021 ,1020
 global_map,56.5108 ,1040
 global_map,57.3595 ,1060
 global_map,57.3597 ,1080
 global_map,57.3597 ,1100
 global_map,57.3603 ,1120
 global_map,57.3603 ,1140
 global_map,57.3603 ,1160
 global_map,57.3835 ,1180
 global_map,57.3835 ,1200
 global_map,57.3801 ,1220
 global_map,57.3801 ,1240
 global_map,57.3801 ,1260
 global_map,57.3801 ,1280
 global_map,57.3807 ,1300
 global_map,57.3807 ,1320
 global_map,57.3807 ,1340
 global_map,57.3807 ,1360
 global_map,57.3807 ,1380
 global_map,57.3807 ,1400
 global_map,57.3807 ,1420
 global_map,57.3807 ,1440
 global_map,57.3817 ,1460
 global_map,57.3817 ,1480
 The Test has finished on 2018-04-17 06:34:19 GMT time 

 ======================== 
 ======================== 
 
 
