
 
 
 ###################### 
 ###################### 

 This is the result of test on 2018-04-17 07:03:28 GMT time 

 global_map,0.0 ,0
 global_map,3.8365 ,20
 global_map,3.8365 ,40
 global_map,6.6163 ,60
 global_map,7.239 ,80
 global_map,7.9153 ,100
 global_map,8.4964 ,120
 global_map,10.7789 ,140
 global_map,10.9063 ,160
 global_map,13.8596 ,180
 global_map,18.8218 ,200
 global_map,19.9042 ,220
 global_map,23.459 ,240
 global_map,24.7036 ,260
 global_map,25.498 ,280
 global_map,29.4619 ,300
 global_map,33.1516 ,320
 global_map,34.563 ,340
 global_map,34.4963 ,360
 global_map,36.0 ,380
 global_map,36.212 ,400
 global_map,39.7188 ,420
 global_map,39.721 ,440
 global_map,41.0584 ,460
 global_map,41.2569 ,480
 global_map,41.7307 ,500
 global_map,42.2214 ,520
 global_map,42.2768 ,540
 global_map,42.2774 ,560
 global_map,42.2695 ,580
 global_map,42.7432 ,600
 global_map,44.0629 ,620
 global_map,44.0629 ,640
 global_map,44.4557 ,660
 global_map,45.6484 ,680
 global_map,45.6484 ,700
 global_map,45.6484 ,720
 global_map,50.086 ,740
 global_map,50.0855 ,760
 global_map,50.0855 ,780
 global_map,50.0855 ,800
 global_map,50.1115 ,820
 global_map,50.367 ,840
 global_map,50.367 ,860
 global_map,50.4861 ,880
 global_map,50.6975 ,900
 global_map,50.7407 ,920
 global_map,51.0595 ,940
 global_map,51.3149 ,960
 global_map,51.3202 ,980
 global_map,51.4558 ,1000
 global_map,51.4568 ,1020
 global_map,51.4661 ,1040
 global_map,51.4661 ,1060
 global_map,51.6157 ,1080
 global_map,51.6157 ,1100
 global_map,51.6197 ,1120
 global_map,51.6198 ,1140
 global_map,51.6889 ,1160
 global_map,51.6985 ,1180
 global_map,51.838 ,1200
 global_map,51.838 ,1220
 global_map,51.8558 ,1240
 global_map,51.8558 ,1260
 global_map,51.8558 ,1280
 global_map,51.8448 ,1300
 global_map,51.8854 ,1320
 global_map,51.8859 ,1340
 global_map,51.8923 ,1360
 global_map,51.9015 ,1380
 global_map,51.9015 ,1400
 global_map,51.9275 ,1420
 global_map,51.9275 ,1440
 global_map,51.9275 ,1460
 global_map,51.9275 ,1480
 The Test has finished on 2018-04-17 08:21:14 GMT time 

 ======================== 
 ======================== 
 
 
