
 
 
 ###################### 
 ###################### 

 This is the result of test on 2018-04-17 09:29:18 GMT time 

 global_map,0.0 ,0
 global_map,3.7036 ,20
 global_map,3.7036 ,40
 global_map,5.8771 ,60
 global_map,6.328 ,80
 global_map,7.3715 ,100
 global_map,8.058 ,120
 global_map,9.2029 ,140
 global_map,9.5628 ,160
 global_map,12.2299 ,180
 global_map,13.2956 ,200
 global_map,15.0486 ,220
 global_map,18.4472 ,240
 global_map,19.5592 ,260
 global_map,21.851 ,280
 global_map,22.8891 ,300
 global_map,24.0467 ,320
 global_map,24.3642 ,340
 global_map,27.6196 ,360
 global_map,30.7392 ,380
 global_map,31.3493 ,400
 global_map,33.2407 ,420
 global_map,33.3815 ,440
 global_map,34.1456 ,460
 global_map,34.2073 ,480
 global_map,35.3123 ,500
 global_map,35.3474 ,520
 global_map,35.4288 ,540
 global_map,38.5876 ,560
 global_map,38.6272 ,580
 global_map,40.4989 ,600
 global_map,41.2832 ,620
 global_map,41.2835 ,640
 global_map,41.2835 ,660
 global_map,41.2916 ,680
 global_map,41.2848 ,700
 global_map,43.2471 ,720
 global_map,43.7496 ,740
 global_map,43.7496 ,760
 global_map,43.8227 ,780
 global_map,43.838 ,800
 global_map,44.0647 ,820
 global_map,44.2241 ,840
 global_map,44.2243 ,860
 global_map,44.2332 ,880
 global_map,44.8166 ,900
 global_map,44.8176 ,920
 global_map,44.5013 ,940
 global_map,44.5211 ,960
 global_map,44.528 ,980
 global_map,44.6029 ,1000
 global_map,45.0082 ,1020
 global_map,45.0658 ,1040
 global_map,45.0658 ,1060
 global_map,45.066 ,1080
 global_map,45.066 ,1100
 global_map,45.0663 ,1120
 global_map,45.0663 ,1140
 global_map,45.0757 ,1160
 global_map,45.0757 ,1180
 global_map,45.0757 ,1200
 global_map,45.0757 ,1220
 global_map,45.0798 ,1240
 global_map,45.0798 ,1260
 global_map,45.0798 ,1280
 global_map,45.0798 ,1300
 global_map,45.0798 ,1320
 global_map,45.0798 ,1340
 global_map,45.0798 ,1360
 global_map,45.0798 ,1380
 global_map,45.0798 ,1400
 global_map,45.0798 ,1420
 global_map,45.0779 ,1440
 global_map,45.0779 ,1460
 global_map,45.0779 ,1480
 The Test has finished on 2018-04-17 11:02:21 GMT time 

 ======================== 
 ======================== 
 
 
