
 
 
 ###################### 
 ###################### 

 This is the result of test on 2018-04-04 16:50:00 GMT time 

 global_map,0.0 ,0
 global_map,3.2788 ,20
 global_map,3.2788 ,40
 global_map,6.2527 ,60
 global_map,6.9671 ,80
 global_map,7.7884 ,100
 global_map,9.1676 ,120
 global_map,10.464 ,140
 global_map,11.5756 ,160
 global_map,14.7537 ,180
 global_map,16.9788 ,200
 global_map,17.8365 ,220
 global_map,17.9331 ,240
 global_map,20.3634 ,260
 global_map,23.6736 ,280
 global_map,25.2565 ,300
 global_map,26.7836 ,320
 global_map,29.8915 ,340
 global_map,30.6504 ,360
 global_map,32.2297 ,380
 global_map,33.3701 ,400
 global_map,35.3154 ,420
 global_map,35.6254 ,440
 global_map,36.7575 ,460
 global_map,36.9824 ,480
 global_map,37.0062 ,500
 global_map,37.2145 ,520
 global_map,37.6788 ,540
 global_map,38.0491 ,560
 global_map,38.6049 ,580
 global_map,39.8492 ,600
 global_map,40.1011 ,620
 global_map,40.1913 ,640
 global_map,40.1939 ,660
 global_map,40.2077 ,680
 global_map,40.2224 ,700
 global_map,40.2224 ,720
 global_map,40.2532 ,740
 global_map,40.2543 ,760
 global_map,40.2543 ,780
 global_map,40.2543 ,800
 global_map,40.2543 ,820
 global_map,41.7318 ,840
 global_map,41.756 ,860
 global_map,41.8106 ,880
 global_map,42.2416 ,900
 global_map,42.2416 ,920
 global_map,42.2703 ,940
 global_map,42.2703 ,960
 global_map,42.2703 ,980
 global_map,42.2703 ,1000
 global_map,42.2703 ,1020
 global_map,42.2703 ,1040
 global_map,45.691 ,1060
 global_map,45.7095 ,1080
 global_map,45.9647 ,1100
 global_map,45.992 ,1120
 global_map,46.0217 ,1140
 global_map,46.1637 ,1160
 global_map,46.1835 ,1180
 global_map,46.3015 ,1200
 global_map,46.6655 ,1220
 global_map,46.6894 ,1240
 global_map,47.5206 ,1260
 global_map,47.9037 ,1280
 global_map,48.5134 ,1300
 global_map,48.8424 ,1320
 global_map,48.8674 ,1340
 global_map,48.9821 ,1360
 global_map,49.5366 ,1380
 global_map,50.6707 ,1400
 global_map,50.7279 ,1420
 global_map,51.5446 ,1440
 global_map,52.3351 ,1460
 global_map,52.3421 ,1480
 The Test has finished on 2018-04-05 16:28:14 GMT time 

 ======================== 
 ======================== 
 
 
