
 
 
 ###################### 
 ###################### 

 This is the result of test on 2018-04-16 20:30:37 GMT time 

 global_map,0.0 ,0
 global_map,4.2536 ,20
 global_map,4.2536 ,40
 global_map,5.9219 ,60
 global_map,6.8725 ,80
 global_map,7.4283 ,100
 global_map,8.1898 ,120
 global_map,9.7638 ,140
 global_map,10.747 ,160
 global_map,11.9286 ,180
 global_map,12.9954 ,200
 global_map,15.2409 ,220
 global_map,17.6727 ,240
 global_map,20.6439 ,260
 global_map,22.5518 ,280
 global_map,23.0891 ,300
 global_map,26.8292 ,320
 global_map,28.9116 ,340
 global_map,29.1597 ,360
 global_map,29.6228 ,380
 global_map,30.3953 ,400
 global_map,30.6286 ,420
 global_map,30.9264 ,440
 global_map,33.5308 ,460
 global_map,35.1125 ,480
 global_map,36.3281 ,500
 global_map,36.9227 ,520
 global_map,37.5483 ,540
 global_map,37.5894 ,560
 global_map,37.6228 ,580
 global_map,37.6273 ,600
 global_map,39.7044 ,620
 global_map,40.1849 ,640
 global_map,41.0627 ,660
 global_map,41.2066 ,680
 global_map,41.2482 ,700
 global_map,41.5677 ,720
 global_map,42.5918 ,740
 global_map,42.5922 ,760
 global_map,42.6276 ,780
 global_map,43.5525 ,800
 global_map,43.688 ,820
 global_map,43.7087 ,840
 global_map,43.7094 ,860
 global_map,44.3236 ,880
 global_map,44.328 ,900
 global_map,44.7691 ,920
 global_map,45.3495 ,940
 global_map,45.3663 ,960
 global_map,45.48 ,980
 global_map,45.5489 ,1000
 global_map,45.5743 ,1020
 global_map,45.7477 ,1040
 global_map,45.8305 ,1060
 global_map,45.8305 ,1080
 global_map,45.9732 ,1100
 global_map,45.9732 ,1120
 global_map,45.9732 ,1140
 global_map,45.9732 ,1160
 global_map,45.9732 ,1180
 global_map,45.9817 ,1200
 global_map,45.9822 ,1220
 global_map,45.9822 ,1240
 global_map,45.9822 ,1260
 global_map,45.9839 ,1280
 global_map,45.9839 ,1300
 global_map,45.9839 ,1320
 global_map,45.9839 ,1340
 global_map,45.9839 ,1360
 global_map,45.9839 ,1380
 global_map,45.9839 ,1400
 global_map,45.9844 ,1420
 global_map,45.9844 ,1440
 global_map,45.9844 ,1460
 global_map,45.9855 ,1480
 The Test has finished on 2018-04-17 02:37:29 GMT time 

 ======================== 
 ======================== 
 
 
