
 
 
 ###################### 
 ###################### 

 This is the result of test on 2018-04-04 14:24:02 GMT time 

 global_map,0.0 ,0
 global_map,3.482 ,20
 global_map,3.482 ,40
 global_map,6.5406 ,60
 global_map,6.7191 ,80
 global_map,7.4278 ,100
 global_map,8.0856 ,120
 global_map,9.421 ,140
 global_map,11.3532 ,160
 global_map,13.3096 ,180
 global_map,15.0655 ,200
 global_map,15.9132 ,220
 global_map,19.5772 ,240
 global_map,23.7029 ,260
 global_map,24.9655 ,280
 global_map,25.6423 ,300
 global_map,26.1485 ,320
 global_map,27.3312 ,340
 global_map,29.7904 ,360
 global_map,33.2889 ,380
 global_map,33.5441 ,400
 global_map,37.0229 ,420
 global_map,38.8043 ,440
 global_map,40.6996 ,460
 global_map,42.6851 ,480
 global_map,42.7432 ,500
 global_map,43.1012 ,520
 global_map,44.5831 ,540
 global_map,44.6754 ,560
 global_map,44.7775 ,580
 global_map,45.3349 ,600
 global_map,45.3764 ,620
 global_map,45.5065 ,640
 global_map,47.9347 ,660
 global_map,47.9566 ,680
 global_map,48.0577 ,700
 global_map,48.1523 ,720
 global_map,48.2428 ,740
 global_map,48.4281 ,760
 global_map,49.0662 ,780
 global_map,49.3332 ,800
 global_map,49.3807 ,820
 global_map,49.3852 ,840
 global_map,49.3854 ,860
 global_map,49.3854 ,880
 global_map,49.3854 ,900
 global_map,49.3902 ,920
 global_map,49.4223 ,940
 global_map,49.4224 ,960
 global_map,49.4224 ,980
 global_map,49.6126 ,1000
 global_map,49.6435 ,1020
 global_map,49.6435 ,1040
 global_map,49.6435 ,1060
 global_map,49.6778 ,1080
 global_map,49.6839 ,1100
 global_map,49.6844 ,1120
 global_map,49.6844 ,1140
 global_map,49.6927 ,1160
 global_map,49.6929 ,1180
 global_map,49.6929 ,1200
 global_map,49.6929 ,1220
 global_map,49.6929 ,1240
 global_map,49.6929 ,1260
 global_map,49.6929 ,1280
 global_map,49.6929 ,1300
 global_map,49.6929 ,1320
 global_map,49.6929 ,1340
 global_map,49.6929 ,1360
 global_map,49.6929 ,1380
 global_map,49.6929 ,1400
 global_map,49.6929 ,1420
 global_map,49.6929 ,1440
 global_map,49.6929 ,1460
 global_map,49.6929 ,1480
 The Test has finished on 2018-04-04 15:31:30 GMT time 

 ======================== 
 ======================== 
 
 
