
 
 
 ###################### 
 ###################### 

 This is the result of test on 2018-04-04 15:34:31 GMT time 

 global_map,0.0 ,0
 global_map,3.7043 ,20
 global_map,3.7043 ,40
 global_map,5.8876 ,60
 global_map,7.1364 ,80
 global_map,8.2036 ,100
 global_map,8.7939 ,120
 global_map,10.7555 ,140
 global_map,12.9254 ,160
 global_map,14.8873 ,180
 global_map,15.6156 ,200
 global_map,17.3366 ,220
 global_map,20.9228 ,240
 global_map,23.622 ,260
 global_map,27.4843 ,280
 global_map,30.1732 ,300
 global_map,30.2107 ,320
 global_map,31.7512 ,340
 global_map,33.3328 ,360
 global_map,37.2327 ,380
 global_map,38.6672 ,400
 global_map,42.9703 ,420
 global_map,43.3947 ,440
 global_map,44.1514 ,460
 global_map,45.8622 ,480
 global_map,45.9112 ,500
 global_map,46.0976 ,520
 global_map,47.3053 ,540
 global_map,47.3371 ,560
 global_map,50.6748 ,580
 global_map,50.6748 ,600
 global_map,51.4146 ,620
 global_map,51.2764 ,640
 global_map,51.274 ,660
 global_map,55.3649 ,680
 global_map,55.4829 ,700
 global_map,55.6689 ,720
 global_map,55.8946 ,740
 global_map,56.097 ,760
 global_map,56.5301 ,780
 global_map,58.5739 ,800
 global_map,58.5757 ,820
 global_map,58.5757 ,840
 global_map,59.4455 ,860
 global_map,59.4455 ,880
 global_map,59.4455 ,900
 global_map,59.7956 ,920
 global_map,60.6984 ,940
 global_map,60.8081 ,960
 global_map,60.8376 ,980
 global_map,60.8376 ,1000
 global_map,60.8589 ,1020
 global_map,60.8656 ,1040
 global_map,60.8759 ,1060
 global_map,61.0585 ,1080
 global_map,61.0585 ,1100
 global_map,61.0585 ,1120
 global_map,61.0585 ,1140
 global_map,61.0585 ,1160
 global_map,61.1001 ,1180
 global_map,61.2219 ,1200
 global_map,61.2219 ,1220
 global_map,61.248 ,1240
 global_map,61.248 ,1260
 global_map,61.248 ,1280
 global_map,61.2611 ,1300
 global_map,61.3171 ,1320
 global_map,61.3171 ,1340
 global_map,61.3171 ,1360
 global_map,61.3171 ,1380
 global_map,61.3171 ,1400
 global_map,61.3171 ,1420
 global_map,61.3171 ,1440
 global_map,61.3211 ,1460
 global_map,61.3211 ,1480
 The Test has finished on 2018-04-04 16:47:12 GMT time 

 ======================== 
 ======================== 
 
 
