
 
 
 ###################### 
 ###################### 

 This is the result of test on 2018-04-15 16:25:20 GMT time 

 global_map,0.0 ,0
 global_map,3.6714 ,20
 global_map,3.6714 ,40
 global_map,6.0675 ,60
 global_map,6.7788 ,80
 global_map,7.4185 ,100
 global_map,8.265 ,120
 global_map,8.838 ,140
 global_map,9.6486 ,160
 global_map,11.3001 ,180
 global_map,12.4571 ,200
 global_map,14.7318 ,220
 global_map,15.6454 ,240
 global_map,19.1872 ,260
 global_map,20.7236 ,280
 global_map,22.0999 ,300
 global_map,24.1511 ,320
 global_map,24.6606 ,340
 global_map,25.9435 ,360
 global_map,25.9554 ,380
 global_map,27.8729 ,400
 global_map,28.5068 ,420
 global_map,28.5068 ,440
 global_map,30.2961 ,460
 global_map,30.5525 ,480
 global_map,32.7566 ,500
 global_map,33.4924 ,520
 global_map,33.5872 ,540
 global_map,36.106 ,560
 global_map,36.611 ,580
 global_map,37.8449 ,600
 global_map,37.9589 ,620
 global_map,38.1398 ,640
 global_map,38.4961 ,660
 global_map,39.4942 ,680
 global_map,41.3005 ,700
 global_map,41.4178 ,720
 global_map,42.2021 ,740
 global_map,42.182 ,760
 global_map,42.2162 ,780
 global_map,42.8749 ,800
 global_map,42.8797 ,820
 global_map,42.8855 ,840
 global_map,44.1816 ,860
 global_map,44.277 ,880
 global_map,44.9668 ,900
 global_map,45.0362 ,920
 global_map,45.1214 ,940
 global_map,45.3223 ,960
 global_map,45.4186 ,980
 global_map,45.7937 ,1000
 global_map,45.804 ,1020
 global_map,45.806 ,1040
 global_map,45.806 ,1060
 global_map,45.81 ,1080
 global_map,45.8687 ,1100
 global_map,45.9446 ,1120
 global_map,46.064 ,1140
 global_map,46.5474 ,1160
 global_map,46.566 ,1180
 global_map,46.5668 ,1200
 global_map,46.5671 ,1220
 global_map,46.5671 ,1240
 global_map,46.573 ,1260
 global_map,46.573 ,1280
 global_map,46.573 ,1300
 global_map,46.573 ,1320
 global_map,46.573 ,1340
 global_map,46.573 ,1360
 global_map,46.573 ,1380
 global_map,46.573 ,1400
 global_map,46.573 ,1420
 global_map,46.573 ,1440
 global_map,46.5733 ,1460
 global_map,46.5733 ,1480
 The Test has finished on 2018-04-15 17:35:40 GMT time 

 ======================== 
 ======================== 
 
 
