
 
 
 ###################### 
 ###################### 

 This is the result of test on 2018-04-11 08:31:22 GMT time 

 global_map,0.0 ,0
 global_map,3.7275 ,20
 global_map,5.6278 ,40
 global_map,6.5291 ,60
 global_map,8.1497 ,80
 global_map,9.6541 ,100
 global_map,11.2085 ,120
 global_map,11.2887 ,140
 global_map,12.3939 ,160
 global_map,16.1096 ,180
 global_map,17.0312 ,200
 global_map,17.5718 ,220
 global_map,19.694 ,240
 global_map,20.8642 ,260
 global_map,22.4649 ,280
 global_map,24.9759 ,300
 global_map,28.2247 ,320
 global_map,30.3398 ,340
 global_map,30.6001 ,360
 global_map,32.5146 ,380
 global_map,33.4953 ,400
 global_map,34.484 ,420
 global_map,35.9989 ,440
 global_map,36.4681 ,460
 global_map,37.9559 ,480
 global_map,40.4517 ,500
 global_map,41.3177 ,520
 global_map,41.3863 ,540
 global_map,42.3047 ,560
 global_map,45.3973 ,580
 global_map,45.7267 ,600
 global_map,45.9319 ,620
 global_map,46.5334 ,640
 global_map,46.5463 ,660
 global_map,48.4812 ,680
 global_map,48.4812 ,700
 global_map,48.6706 ,720
 global_map,48.8739 ,740
 global_map,50.2179 ,760
 global_map,50.2179 ,780
 global_map,50.5612 ,800
 global_map,50.5612 ,820
 global_map,51.36 ,840
 global_map,51.36 ,860
 global_map,51.3804 ,880
 global_map,51.5416 ,900
 global_map,51.6568 ,920
 global_map,51.686 ,940
 global_map,51.6876 ,960
 global_map,51.7064 ,980
 global_map,51.7064 ,1000
 global_map,51.7269 ,1020
 global_map,51.7269 ,1040
 global_map,51.7269 ,1060
 global_map,51.7269 ,1080
 global_map,51.9273 ,1100
 global_map,51.9281 ,1120
 global_map,51.9337 ,1140
 global_map,51.9337 ,1160
 global_map,51.9337 ,1180
 global_map,51.9337 ,1200
 global_map,51.9337 ,1220
 global_map,51.9337 ,1240
 global_map,51.9337 ,1260
 global_map,52.0149 ,1280
 global_map,52.0186 ,1300
 global_map,52.0187 ,1320
 global_map,52.3794 ,1340
 global_map,52.3799 ,1360
 global_map,52.7834 ,1380
 global_map,52.7983 ,1400
 global_map,52.817 ,1420
 global_map,52.8834 ,1440
 global_map,54.5447 ,1460
 global_map,55.2636 ,1480
 The Test has finished on 2018-04-11 09:52:26 GMT time 

 ======================== 
 ======================== 
 
 
