
 
 
 ###################### 
 ###################### 

 This is the result of test on 2018-04-15 06:43:41 GMT time 

 global_map,0.0 ,0
 global_map,3.8826 ,20
 global_map,3.8826 ,40
 global_map,5.9773 ,60
 global_map,6.7792 ,80
 global_map,7.4311 ,100
 global_map,8.321 ,120
 global_map,8.5469 ,140
 global_map,9.2219 ,160
 global_map,11.0495 ,180
 global_map,13.1095 ,200
 global_map,15.0926 ,220
 global_map,17.5363 ,240
 global_map,18.9219 ,260
 global_map,22.2947 ,280
 global_map,24.2616 ,300
 global_map,26.5618 ,320
 global_map,26.8456 ,340
 global_map,27.9967 ,360
 global_map,32.4192 ,380
 global_map,33.0365 ,400
 global_map,36.4532 ,420
 global_map,36.4748 ,440
 global_map,36.6666 ,460
 global_map,38.2192 ,480
 global_map,39.8917 ,500
 global_map,40.3625 ,520
 global_map,40.3717 ,540
 global_map,42.7349 ,560
 global_map,42.7895 ,580
 global_map,42.7993 ,600
 global_map,42.8191 ,620
 global_map,42.8191 ,640
 global_map,42.8191 ,660
 global_map,45.1198 ,680
 global_map,45.3024 ,700
 global_map,45.3327 ,720
 global_map,45.4199 ,740
 global_map,45.9002 ,760
 global_map,46.788 ,780
 global_map,47.0052 ,800
 global_map,47.6455 ,820
 global_map,47.7151 ,840
 global_map,48.1559 ,860
 global_map,48.4522 ,880
 global_map,48.4524 ,900
 global_map,48.5939 ,920
 global_map,48.6882 ,940
 global_map,48.7408 ,960
 global_map,48.8323 ,980
 global_map,48.833 ,1000
 global_map,48.8336 ,1020
 global_map,48.7935 ,1040
 global_map,48.8497 ,1060
 global_map,49.0467 ,1080
 global_map,49.9997 ,1100
 global_map,49.9997 ,1120
 global_map,49.9997 ,1140
 global_map,50.0073 ,1160
 global_map,50.0397 ,1180
 global_map,50.0397 ,1200
 global_map,50.0457 ,1220
 global_map,50.0548 ,1240
 global_map,50.0548 ,1260
 global_map,50.0548 ,1280
 global_map,50.0564 ,1300
 global_map,50.0569 ,1320
 global_map,50.0569 ,1340
 global_map,50.0569 ,1360
 global_map,50.0569 ,1380
 global_map,50.0569 ,1400
 global_map,50.0569 ,1420
 global_map,50.0569 ,1440
 global_map,50.0569 ,1460
 global_map,50.0569 ,1480
 The Test has finished on 2018-04-15 12:09:02 GMT time 

 ======================== 
 ======================== 
 
 
