
 
 
 ###################### 
 ###################### 

 This is the result of test on 2018-04-16 18:28:09 GMT time 

 global_map,0.0 ,0
 global_map,3.9303 ,20
 global_map,3.9303 ,40
 global_map,6.2502 ,60
 global_map,7.1533 ,80
 global_map,8.2954 ,100
 global_map,10.342 ,120
 global_map,11.6618 ,140
 global_map,13.1953 ,160
 global_map,15.9239 ,180
 global_map,17.6708 ,200
 global_map,19.1193 ,220
 global_map,23.1916 ,240
 global_map,24.9187 ,260
 global_map,27.3596 ,280
 global_map,28.1294 ,300
 global_map,29.0835 ,320
 global_map,32.777 ,340
 global_map,33.9243 ,360
 global_map,34.7101 ,380
 global_map,38.1957 ,400
 global_map,38.6062 ,420
 global_map,39.7149 ,440
 global_map,41.892 ,460
 global_map,42.7494 ,480
 global_map,43.5623 ,500
 global_map,44.8024 ,520
 global_map,44.8723 ,540
 global_map,45.0729 ,560
 global_map,45.0729 ,580
 global_map,45.0746 ,600
 global_map,47.441 ,620
 global_map,48.0362 ,640
 global_map,48.0362 ,660
 global_map,51.3188 ,680
 global_map,52.4099 ,700
 global_map,53.309 ,720
 global_map,53.8881 ,740
 global_map,53.9669 ,760
 global_map,54.1368 ,780
 global_map,54.1368 ,800
 global_map,54.1368 ,820
 global_map,54.1368 ,840
 global_map,54.1368 ,860
 global_map,54.7347 ,880
 global_map,55.114 ,900
 global_map,55.1284 ,920
 global_map,56.0611 ,940
 global_map,56.1357 ,960
 global_map,56.1365 ,980
 global_map,56.2002 ,1000
 global_map,56.2435 ,1020
 global_map,56.2488 ,1040
 global_map,56.316 ,1060
 global_map,56.458 ,1080
 global_map,56.5359 ,1100
 global_map,56.5624 ,1120
 global_map,56.5835 ,1140
 global_map,57.494 ,1160
 global_map,57.8071 ,1180
 global_map,57.8083 ,1200
 global_map,57.8083 ,1220
 global_map,57.8083 ,1240
 global_map,57.8084 ,1260
 global_map,57.8084 ,1280
 global_map,57.8084 ,1300
 global_map,57.8084 ,1320
 global_map,57.8084 ,1340
 global_map,57.8084 ,1360
 global_map,57.8084 ,1380
 global_map,57.8091 ,1400
 global_map,57.8091 ,1420
 global_map,57.8091 ,1440
 global_map,57.8091 ,1460
 global_map,57.8091 ,1480
 The Test has finished on 2018-04-16 19:49:06 GMT time 

 ======================== 
 ======================== 
 
 
