
 
 
 ###################### 
 ###################### 

 This is the result of test on 2018-04-17 08:24:16 GMT time 

 global_map,0.0 ,0
 global_map,3.9142 ,20
 global_map,3.9142 ,40
 global_map,5.986 ,60
 global_map,6.9535 ,80
 global_map,8.6005 ,100
 global_map,9.1462 ,120
 global_map,10.9743 ,140
 global_map,12.4254 ,160
 global_map,15.4271 ,180
 global_map,15.9667 ,200
 global_map,18.7517 ,220
 global_map,20.0844 ,240
 global_map,22.3169 ,260
 global_map,24.9094 ,280
 global_map,25.6718 ,300
 global_map,25.6842 ,320
 global_map,28.8282 ,340
 global_map,29.2382 ,360
 global_map,29.906 ,380
 global_map,30.8795 ,400
 global_map,31.2288 ,420
 global_map,33.4831 ,440
 global_map,34.9193 ,460
 global_map,35.2645 ,480
 global_map,36.1767 ,500
 global_map,36.3813 ,520
 global_map,37.4906 ,540
 global_map,37.8464 ,560
 global_map,37.898 ,580
 global_map,37.9462 ,600
 global_map,37.9553 ,620
 global_map,37.9563 ,640
 global_map,41.4518 ,660
 global_map,42.7688 ,680
 global_map,42.8968 ,700
 global_map,43.1079 ,720
 global_map,43.1613 ,740
 global_map,43.5296 ,760
 global_map,43.5337 ,780
 global_map,43.7003 ,800
 global_map,44.0071 ,820
 global_map,44.0123 ,840
 global_map,44.0224 ,860
 global_map,44.0224 ,880
 global_map,44.0438 ,900
 global_map,44.0438 ,920
 global_map,44.0435 ,940
 global_map,44.0435 ,960
 global_map,44.0435 ,980
 global_map,44.0435 ,1000
 global_map,44.0435 ,1020
 global_map,44.0435 ,1040
 global_map,44.0435 ,1060
 global_map,44.0435 ,1080
 global_map,44.0435 ,1100
 global_map,44.0435 ,1120
 global_map,44.0435 ,1140
 global_map,44.0435 ,1160
 global_map,44.0435 ,1180
 global_map,44.0435 ,1200
 global_map,44.0435 ,1220
 global_map,44.0435 ,1240
 global_map,44.0435 ,1260
 global_map,44.0435 ,1280
 global_map,44.0435 ,1300
 global_map,44.0435 ,1320
 global_map,44.0435 ,1340
 global_map,44.0435 ,1360
 global_map,44.0435 ,1380
 global_map,44.0621 ,1400
 global_map,44.0631 ,1420
 global_map,44.0631 ,1440
 global_map,44.0631 ,1460
 global_map,44.0631 ,1480
 The Test has finished on 2018-04-17 09:26:18 GMT time 

 ======================== 
 ======================== 
 
 
