
 
 
 ###################### 
 ###################### 

 This is the result of test on 2018-04-15 12:56:11 GMT time 

 global_map,0.0 ,0
 global_map,3.8766 ,20
 global_map,3.8766 ,40
 global_map,5.7623 ,60
 global_map,6.9751 ,80
 global_map,7.4225 ,100
 global_map,7.9768 ,120
 global_map,9.141 ,140
 global_map,10.1333 ,160
 global_map,10.5709 ,180
 global_map,11.6664 ,200
 global_map,13.9325 ,220
 global_map,15.376 ,240
 global_map,16.2314 ,260
 global_map,17.6636 ,280
 global_map,20.0805 ,300
 global_map,21.6512 ,320
 global_map,22.3536 ,340
 global_map,24.1695 ,360
 global_map,24.5486 ,380
 global_map,26.6829 ,400
 global_map,29.4261 ,420
 global_map,29.7423 ,440
 global_map,31.7352 ,460
 global_map,32.0068 ,480
 global_map,33.413 ,500
 global_map,33.9019 ,520
 global_map,35.6922 ,540
 global_map,36.1091 ,560
 global_map,36.8614 ,580
 global_map,39.5203 ,600
 global_map,40.279 ,620
 global_map,43.9999 ,640
 global_map,44.016 ,660
 global_map,45.5737 ,680
 global_map,45.5788 ,700
 global_map,46.1668 ,720
 global_map,49.6007 ,740
 global_map,50.7272 ,760
 global_map,51.269 ,780
 global_map,51.5659 ,800
 global_map,51.5659 ,820
 global_map,53.8011 ,840
 global_map,53.8349 ,860
 global_map,54.1378 ,880
 global_map,55.2841 ,900
 global_map,57.0492 ,920
 global_map,57.371 ,940
 global_map,57.6158 ,960
 global_map,58.7829 ,980
 global_map,58.849 ,1000
 global_map,58.849 ,1020
 global_map,60.0793 ,1040
 global_map,60.2313 ,1060
 global_map,60.2379 ,1080
 global_map,60.2875 ,1100
 global_map,60.2875 ,1120
 global_map,60.2875 ,1140
 global_map,60.3012 ,1160
 global_map,60.3252 ,1180
 global_map,60.3269 ,1200
 global_map,60.3269 ,1220
 global_map,60.3377 ,1240
 global_map,60.3408 ,1260
 global_map,60.3414 ,1280
 global_map,60.416 ,1300
 global_map,60.4163 ,1320
 global_map,60.4582 ,1340
 global_map,60.4638 ,1360
 global_map,60.4652 ,1380
 global_map,60.6112 ,1400
 global_map,60.6121 ,1420
 global_map,60.6121 ,1440
 global_map,60.6121 ,1460
 global_map,60.6306 ,1480
 The Test has finished on 2018-04-15 13:54:22 GMT time 

 ======================== 
 ======================== 
 
 
