
 
 
 ###################### 
 ###################### 

 This is the result of test on 2018-04-17 18:29:16 GMT time 

 global_map,0.0 ,0
 global_map,3.9036 ,20
 global_map,3.9036 ,40
 global_map,6.0418 ,60
 global_map,6.749 ,80
 global_map,7.7197 ,100
 global_map,8.213 ,120
 global_map,9.9615 ,140
 global_map,13.1447 ,160
 global_map,15.1056 ,180
 global_map,15.2592 ,200
 global_map,17.8557 ,220
 global_map,19.8296 ,240
 global_map,23.0599 ,260
 global_map,25.3245 ,280
 global_map,25.3254 ,300
 global_map,28.4721 ,320
 global_map,31.1182 ,340
 global_map,32.6038 ,360
 global_map,33.3816 ,380
 global_map,35.0918 ,400
 global_map,35.0918 ,420
 global_map,36.2041 ,440
 global_map,37.984 ,460
 global_map,39.2905 ,480
 global_map,40.1486 ,500
 global_map,40.2954 ,520
 global_map,41.0338 ,540
 global_map,41.0481 ,560
 global_map,41.1197 ,580
 global_map,41.1228 ,600
 global_map,41.1263 ,620
 global_map,41.1266 ,640
 global_map,41.5531 ,660
 global_map,43.2323 ,680
 global_map,43.3993 ,700
 global_map,43.5651 ,720
 global_map,43.9381 ,740
 global_map,43.9381 ,760
 global_map,43.9387 ,780
 global_map,43.9716 ,800
 global_map,44.0483 ,820
 global_map,44.0431 ,840
 global_map,44.0806 ,860
 global_map,44.0806 ,880
 global_map,44.0806 ,900
 global_map,44.5942 ,920
 global_map,44.5843 ,940
 global_map,44.8358 ,960
 global_map,44.8359 ,980
 global_map,44.8359 ,1000
 global_map,44.8359 ,1020
 global_map,44.8386 ,1040
 global_map,45.4251 ,1060
 global_map,45.602 ,1080
 global_map,45.6227 ,1100
 global_map,45.6227 ,1120
 global_map,45.6227 ,1140
 global_map,45.6089 ,1160
 global_map,45.6239 ,1180
 global_map,45.6239 ,1200
 global_map,45.6239 ,1220
 global_map,45.6239 ,1240
 global_map,45.6239 ,1260
 global_map,45.6267 ,1280
 global_map,45.6267 ,1300
 global_map,45.6267 ,1320
 global_map,45.6267 ,1340
 global_map,45.6267 ,1360
 global_map,45.6267 ,1380
 global_map,45.6267 ,1400
 global_map,45.6283 ,1420
 global_map,45.6283 ,1440
 global_map,45.6283 ,1460
 global_map,45.6283 ,1480
 The Test has finished on 2018-04-17 19:49:41 GMT time 

 ======================== 
 ======================== 
 
 
