
 
 
 ###################### 
 ###################### 

 This is the result of test on 2018-04-10 15:00:05 GMT time 

 global_map,0.0 ,0
 global_map,3.8077 ,20
 global_map,3.8077 ,40
 global_map,6.0731 ,60
 global_map,6.7276 ,80
 global_map,7.8685 ,100
 global_map,8.0292 ,120
 global_map,8.7418 ,140
 global_map,11.0414 ,160
 global_map,13.3703 ,180
 global_map,14.9302 ,200
 global_map,15.4238 ,220
 global_map,17.0746 ,240
 global_map,19.9535 ,260
 global_map,22.1923 ,280
 global_map,24.2794 ,300
 global_map,26.9689 ,320
 global_map,27.4361 ,340
 global_map,27.5083 ,360
 global_map,31.084 ,380
 global_map,31.2194 ,400
 global_map,34.8828 ,420
 global_map,35.6247 ,440
 global_map,35.6247 ,460
 global_map,37.9977 ,480
 global_map,41.0379 ,500
 global_map,41.5172 ,520
 global_map,42.1217 ,540
 global_map,42.23 ,560
 global_map,44.6512 ,580
 global_map,45.8542 ,600
 global_map,45.8868 ,620
 global_map,46.1812 ,640
 global_map,49.1652 ,660
 global_map,49.3281 ,680
 global_map,50.1581 ,700
 global_map,51.7889 ,720
 global_map,52.8126 ,740
 global_map,53.5833 ,760
 global_map,53.4902 ,780
 global_map,53.6173 ,800
 global_map,55.71 ,820
 global_map,56.4285 ,840
 global_map,56.458 ,860
 global_map,56.7584 ,880
 global_map,56.7712 ,900
 global_map,56.7712 ,920
 global_map,56.8532 ,940
 global_map,58.1989 ,960
 global_map,58.5338 ,980
 global_map,58.5338 ,1000
 global_map,58.7436 ,1020
 global_map,58.7436 ,1040
 global_map,58.7436 ,1060
 global_map,58.7436 ,1080
 global_map,58.7436 ,1100
 global_map,59.5785 ,1120
 global_map,59.5785 ,1140
 global_map,59.6312 ,1160
 global_map,59.9045 ,1180
 global_map,59.9048 ,1200
 global_map,59.9478 ,1220
 global_map,59.9478 ,1240
 global_map,59.9478 ,1260
 global_map,59.9478 ,1280
 global_map,59.9478 ,1300
 global_map,60.0136 ,1320
 global_map,60.0136 ,1340
 global_map,60.0149 ,1360
 global_map,60.0149 ,1380
 global_map,60.0149 ,1400
 global_map,60.0206 ,1420
 global_map,60.0206 ,1440
 global_map,60.0206 ,1460
 global_map,60.0206 ,1480
 The Test has finished on 2018-04-10 16:11:13 GMT time 

 ======================== 
 ======================== 
 
 
