
 
 
 ###################### 
 ###################### 

 This is the result of test on 2018-04-11 09:54:36 GMT time 

 global_map,0.0 ,0
 global_map,3.8059 ,20
 global_map,3.8059 ,40
 global_map,5.7888 ,60
 global_map,6.6457 ,80
 global_map,7.314 ,100
 global_map,8.175 ,120
 global_map,9.1392 ,140
 global_map,11.1442 ,160
 global_map,12.9083 ,180
 global_map,14.8842 ,200
 global_map,16.5346 ,220
 global_map,19.1171 ,240
 global_map,21.1155 ,260
 global_map,23.1075 ,280
 global_map,23.7199 ,300
 global_map,25.1418 ,320
 global_map,29.4376 ,340
 global_map,30.4586 ,360
 global_map,31.7994 ,380
 global_map,32.5284 ,400
 global_map,34.7128 ,420
 global_map,35.2133 ,440
 global_map,35.9745 ,460
 global_map,36.0646 ,480
 global_map,36.086 ,500
 global_map,36.0862 ,520
 global_map,37.1379 ,540
 global_map,39.0078 ,560
 global_map,39.6207 ,580
 global_map,44.0401 ,600
 global_map,45.1774 ,620
 global_map,46.5766 ,640
 global_map,46.5768 ,660
 global_map,47.542 ,680
 global_map,48.5485 ,700
 global_map,48.97 ,720
 global_map,48.9751 ,740
 global_map,49.1647 ,760
 global_map,49.2539 ,780
 global_map,49.4716 ,800
 global_map,51.3585 ,820
 global_map,52.4306 ,840
 global_map,52.446 ,860
 global_map,54.3359 ,880
 global_map,55.9184 ,900
 global_map,56.2683 ,920
 global_map,56.2814 ,940
 global_map,56.3048 ,960
 global_map,56.5471 ,980
 global_map,56.863 ,1000
 global_map,60.1748 ,1020
 global_map,60.5545 ,1040
 global_map,60.6275 ,1060
 global_map,60.9293 ,1080
 global_map,60.977 ,1100
 global_map,60.9777 ,1120
 global_map,61.768 ,1140
 global_map,61.768 ,1160
 global_map,61.8017 ,1180
 global_map,61.9112 ,1200
 global_map,61.9588 ,1220
 global_map,62.1002 ,1240
 global_map,62.2544 ,1260
 global_map,63.3154 ,1280
 global_map,63.3154 ,1300
 global_map,63.3154 ,1320
 global_map,63.7685 ,1340
 global_map,63.8299 ,1360
 global_map,63.8299 ,1380
 global_map,63.8301 ,1400
 global_map,63.8351 ,1420
 global_map,64.1187 ,1440
 global_map,64.1208 ,1460
 global_map,64.123 ,1480
 The Test has finished on 2018-04-11 11:33:53 GMT time 

 ======================== 
 ======================== 
 
 
