
 
 
 ###################### 
 ###################### 

 This is the result of test on 2018-04-13 20:17:52 GMT time 

 global_map,0.0 ,0
 global_map,3.8414 ,20
 global_map,3.8414 ,40
 global_map,6.2726 ,60
 global_map,6.9267 ,80
 global_map,7.5583 ,100
 global_map,8.1294 ,120
 global_map,8.653 ,140
 global_map,11.2667 ,160
 global_map,11.6699 ,180
 global_map,13.4667 ,200
 global_map,15.1487 ,220
 global_map,17.457 ,240
 global_map,19.0262 ,260
 global_map,20.6418 ,280
 global_map,21.9067 ,300
 global_map,25.6995 ,320
 global_map,27.0485 ,340
 global_map,27.918 ,360
 global_map,29.6686 ,380
 global_map,31.1269 ,400
 global_map,31.6569 ,420
 global_map,33.129 ,440
 global_map,36.3138 ,460
 global_map,38.3679 ,480
 global_map,38.5634 ,500
 global_map,39.0038 ,520
 global_map,39.0455 ,540
 global_map,39.5833 ,560
 global_map,40.9138 ,580
 global_map,40.9167 ,600
 global_map,41.3013 ,620
 global_map,43.344 ,640
 global_map,43.5883 ,660
 global_map,43.6615 ,680
 global_map,48.7116 ,700
 global_map,48.7423 ,720
 global_map,48.874 ,740
 global_map,48.888 ,760
 global_map,49.7353 ,780
 global_map,49.7556 ,800
 global_map,49.7693 ,820
 global_map,50.5732 ,840
 global_map,50.584 ,860
 global_map,50.584 ,880
 global_map,50.5848 ,900
 global_map,50.5848 ,920
 global_map,50.5928 ,940
 global_map,50.5928 ,960
 global_map,50.5929 ,980
 global_map,51.9967 ,1000
 global_map,52.0776 ,1020
 global_map,52.0787 ,1040
 global_map,52.0787 ,1060
 global_map,52.2297 ,1080
 global_map,52.2297 ,1100
 global_map,52.8471 ,1120
 global_map,52.8471 ,1140
 global_map,52.8613 ,1160
 global_map,52.8828 ,1180
 global_map,53.8757 ,1200
 global_map,53.8757 ,1220
 global_map,53.876 ,1240
 global_map,54.6617 ,1260
 global_map,55.0345 ,1280
 global_map,55.2968 ,1300
 global_map,55.3035 ,1320
 global_map,55.8398 ,1340
 global_map,55.8561 ,1360
 global_map,55.8936 ,1380
 global_map,56.0663 ,1400
 global_map,56.0667 ,1420
 global_map,56.1609 ,1440
 global_map,56.1613 ,1460
 global_map,56.1703 ,1480
 The Test has finished on 2018-04-14 08:22:43 GMT time 

 ======================== 
 ======================== 
 
 
