
 
 
 ###################### 
 ###################### 

 This is the result of test on 2018-04-11 17:01:53 GMT time 

 global_map,0.0 ,0
 global_map,3.8913 ,20
 global_map,3.8913 ,40
 global_map,5.9076 ,60
 global_map,6.8053 ,80
 global_map,7.5221 ,100
 global_map,8.2363 ,120
 global_map,9.186 ,140
 global_map,12.2817 ,160
 global_map,13.2048 ,180
 global_map,14.015 ,200
 global_map,18.4489 ,220
 global_map,21.3647 ,240
 global_map,22.4604 ,260
 global_map,25.9077 ,280
 global_map,28.0811 ,300
 global_map,30.5448 ,320
 global_map,32.728 ,340
 global_map,34.6493 ,360
 global_map,36.5473 ,380
 global_map,38.8151 ,400
 global_map,40.1461 ,420
 global_map,41.8735 ,440
 global_map,43.2949 ,460
 global_map,43.3324 ,480
 global_map,44.4422 ,500
 global_map,44.5443 ,520
 global_map,45.098 ,540
 global_map,45.5203 ,560
 global_map,45.5228 ,580
 global_map,45.9023 ,600
 global_map,45.9545 ,620
 global_map,46.1945 ,640
 global_map,46.5204 ,660
 global_map,46.5974 ,680
 global_map,46.5951 ,700
 global_map,46.6811 ,720
 global_map,46.8459 ,740
 global_map,46.8631 ,760
 global_map,46.8699 ,780
 global_map,46.8033 ,800
 global_map,46.8709 ,820
 global_map,46.8709 ,840
 global_map,46.8709 ,860
 global_map,46.8766 ,880
 global_map,46.9767 ,900
 global_map,46.9838 ,920
 global_map,47.8285 ,940
 global_map,48.4347 ,960
 global_map,48.4584 ,980
 global_map,48.4939 ,1000
 global_map,50.0416 ,1020
 global_map,51.1244 ,1040
 global_map,51.4168 ,1060
 global_map,51.8812 ,1080
 global_map,51.9497 ,1100
 global_map,52.2449 ,1120
 global_map,52.299 ,1140
 global_map,54.8574 ,1160
 global_map,55.151 ,1180
 global_map,56.4323 ,1200
 global_map,57.093 ,1220
 global_map,57.0932 ,1240
 global_map,57.6063 ,1260
 global_map,58.7331 ,1280
 global_map,58.7519 ,1300
 global_map,59.0198 ,1320
 global_map,59.6175 ,1340
 global_map,59.6777 ,1360
 global_map,59.6962 ,1380
 global_map,59.6962 ,1400
 global_map,61.0475 ,1420
 global_map,61.3914 ,1440
 global_map,61.9986 ,1460
 global_map,62.3027 ,1480
 The Test has finished on 2018-04-11 20:20:10 GMT time 

 ======================== 
 ======================== 
 
 
