
 
 
 ###################### 
 ###################### 

 This is the result of test on 2018-04-14 10:23:21 GMT time 

 global_map,0.0 ,0
 global_map,3.6881 ,20
 global_map,3.6881 ,40
 global_map,5.8248 ,60
 global_map,6.1405 ,80
 global_map,6.9628 ,100
 global_map,7.7143 ,120
 global_map,8.5687 ,140
 global_map,10.6109 ,160
 global_map,11.4522 ,180
 global_map,13.6007 ,200
 global_map,14.5279 ,220
 global_map,15.6463 ,240
 global_map,18.1225 ,260
 global_map,20.0637 ,280
 global_map,22.9965 ,300
 global_map,24.7935 ,320
 global_map,27.7437 ,340
 global_map,28.0631 ,360
 global_map,30.967 ,380
 global_map,32.2259 ,400
 global_map,32.9013 ,420
 global_map,34.3162 ,440
 global_map,35.3912 ,460
 global_map,35.9043 ,480
 global_map,36.8558 ,500
 global_map,38.3563 ,520
 global_map,38.4586 ,540
 global_map,39.2961 ,560
 global_map,39.2997 ,580
 global_map,40.7409 ,600
 global_map,43.8697 ,620
 global_map,44.0327 ,640
 global_map,44.6242 ,660
 global_map,46.3106 ,680
 global_map,46.3106 ,700
 global_map,46.3106 ,720
 global_map,47.7216 ,740
 global_map,47.9342 ,760
 global_map,48.1156 ,780
 global_map,48.1236 ,800
 global_map,50.1313 ,820
 global_map,50.8835 ,840
 global_map,52.4373 ,860
 global_map,52.4373 ,880
 global_map,55.2203 ,900
 global_map,55.8473 ,920
 global_map,56.1054 ,940
 global_map,56.5244 ,960
 global_map,58.3399 ,980
 global_map,58.8063 ,1000
 global_map,58.8234 ,1020
 global_map,59.7582 ,1040
 global_map,59.8483 ,1060
 global_map,59.9842 ,1080
 global_map,60.1004 ,1100
 global_map,60.1016 ,1120
 global_map,60.1016 ,1140
 global_map,60.1021 ,1160
 global_map,60.9646 ,1180
 global_map,61.4081 ,1200
 global_map,61.6771 ,1220
 global_map,62.2736 ,1240
 global_map,62.2736 ,1260
 global_map,62.6371 ,1280
 global_map,62.6371 ,1300
 global_map,62.6338 ,1320
 global_map,63.3602 ,1340
 global_map,63.3519 ,1360
 global_map,63.3519 ,1380
 global_map,63.3519 ,1400
 global_map,63.3554 ,1420
 global_map,63.4393 ,1440
 global_map,63.8628 ,1460
 global_map,63.868 ,1480
 The Test has finished on 2018-04-14 11:24:37 GMT time 

 ======================== 
 ======================== 
 
 
