
 
 
 ###################### 
 ###################### 

 This is the result of test on 2018-04-01 07:11:53 GMT time 

 global_map,0.0 ,0
 global_map,3.7619 ,20
 global_map,3.7619 ,40
 global_map,5.8549 ,60
 global_map,6.7779 ,80
 global_map,7.8467 ,100
 global_map,8.5585 ,120
 global_map,9.751 ,140
 global_map,12.0973 ,160
 global_map,12.6089 ,180
 global_map,14.6883 ,200
 global_map,17.6327 ,220
 global_map,19.1192 ,240
 global_map,20.7445 ,260
 global_map,23.1697 ,280
 global_map,25.6565 ,300
 global_map,29.4657 ,320
 global_map,30.0723 ,340
 global_map,30.4577 ,360
 global_map,31.1057 ,380
 global_map,31.9193 ,400
 global_map,34.399 ,420
 global_map,35.2041 ,440
 global_map,35.4767 ,460
 global_map,41.0865 ,480
 global_map,41.0972 ,500
 global_map,41.3948 ,520
 global_map,41.3914 ,540
 global_map,41.6677 ,560
 global_map,42.5468 ,580
 global_map,43.2361 ,600
 global_map,43.3739 ,620
 global_map,44.1734 ,640
 global_map,44.6557 ,660
 global_map,44.6663 ,680
 global_map,47.2958 ,700
 global_map,47.4759 ,720
 global_map,47.6492 ,740
 global_map,47.6534 ,760
 global_map,47.8774 ,780
 global_map,47.8767 ,800
 global_map,48.0997 ,820
 global_map,48.1017 ,840
 global_map,48.1252 ,860
 global_map,50.8016 ,880
 global_map,50.8033 ,900
 global_map,50.8474 ,920
 global_map,50.8474 ,940
 global_map,50.8382 ,960
 global_map,51.0266 ,980
 global_map,51.0806 ,1000
 global_map,51.0806 ,1020
 global_map,51.4659 ,1040
 global_map,51.9649 ,1060
 global_map,51.9652 ,1080
 global_map,52.4536 ,1100
 global_map,52.456 ,1120
 global_map,52.4572 ,1140
 global_map,52.4944 ,1160
 global_map,52.4944 ,1180
 global_map,52.6653 ,1200
 global_map,52.6667 ,1220
 global_map,52.6754 ,1240
 global_map,52.8323 ,1260
 global_map,52.8543 ,1280
 global_map,52.8543 ,1300
 global_map,52.8543 ,1320
 global_map,53.0636 ,1340
 global_map,53.0673 ,1360
 global_map,53.0673 ,1380
 global_map,53.7091 ,1400
 global_map,53.7091 ,1420
 global_map,53.7091 ,1440
 global_map,53.7091 ,1460
 global_map,53.7093 ,1480
 The Test has finished on 2018-04-01 13:13:41 GMT time 

 ======================== 
 ======================== 
 
 
