
 
 
 ###################### 
 ###################### 

 This is the result of test on 2018-03-17 22:34:53 GMT time 

 global_map,0 ,0
 global_map,8.944 ,20
 global_map,10.9368 ,40
 global_map,13.9016 ,60
 global_map,21.9476 ,80
 global_map,24.814 ,100
 global_map,26.6236 ,120
 global_map,30.7456 ,140
 global_map,33.0008 ,160
 global_map,35.8528 ,180
 global_map,36.1364 ,200
 global_map,40.75 ,220
 global_map,45.1808 ,240
 global_map,50.7316 ,260
 global_map,54.888 ,280
 global_map,59.3272 ,300
 global_map,65.9188 ,320
 global_map,65.9648 ,340
 global_map,67.1328 ,360
 global_map,71.206 ,380
 global_map,76.6576 ,400
 global_map,76.7044 ,420
 global_map,78.134 ,440
 global_map,81.9848 ,460
 global_map,86.7044 ,480
 global_map,87.826 ,500
 global_map,88.5168 ,520
 global_map,88.5484 ,540
 global_map,89.5144 ,560
 global_map,91.4128 ,580
 global_map,91.4696 ,600
 global_map,91.5224 ,620
 global_map,91.7616 ,640
 global_map,92.4156 ,660
 global_map,92.7064 ,680
 global_map,93.006 ,700
 global_map,93.1436 ,720
 global_map,93.8828 ,740
 global_map,93.9876 ,760
 global_map,94.0524 ,780
 global_map,94.0632 ,800
 global_map,94.0884 ,820
 global_map,94.0888 ,840
 global_map,94.1152 ,860
 global_map,94.1192 ,880
 global_map,94.1196 ,900
 global_map,94.1572 ,920
 global_map,94.158 ,940
 global_map,94.158 ,960
 global_map,94.158 ,980
 global_map,94.2184 ,1000
 global_map,94.2184 ,1020
 global_map,94.2228 ,1040
 global_map,94.2228 ,1060
 global_map,94.2228 ,1080
 global_map,94.2228 ,1100
 global_map,94.2244 ,1120
 global_map,94.2244 ,1140
 global_map,94.2244 ,1160
 global_map,94.2244 ,1180
 global_map,94.2244 ,1200
 global_map,94.2244 ,1220
 global_map,94.2264 ,1240
 global_map,94.2264 ,1260
 global_map,94.2264 ,1280
 The Test has finished on 2018-03-17 23:54:42 GMT time 

 ======================== 
 ======================== 
 
 
