
 
 
 ###################### 
 ###################### 

 This is the result of test on 2018-03-17 17:40:50 GMT time 

 global_map,0 ,0
 global_map,9.3536 ,20
 global_map,9.3536 ,40
 global_map,10.078 ,60
 global_map,14.6484 ,80
 global_map,18.2628 ,100
 global_map,19.4508 ,120
 global_map,25.1864 ,140
 global_map,31.6952 ,160
 global_map,32.666 ,180
 global_map,36.3944 ,200
 global_map,40.5508 ,220
 global_map,41.97 ,240
 global_map,42.7528 ,260
 global_map,50.9748 ,280
 global_map,53.8876 ,300
 global_map,64.6064 ,320
 global_map,68.9664 ,340
 global_map,69.582 ,360
 global_map,73.6436 ,380
 global_map,73.774 ,400
 global_map,73.984 ,420
 global_map,76.1104 ,440
 global_map,81.9696 ,460
 global_map,83.3732 ,480
 global_map,83.4932 ,500
 global_map,85.184 ,520
 global_map,85.8036 ,540
 global_map,85.8084 ,560
 global_map,86.2816 ,580
 global_map,86.3476 ,600
 global_map,86.348 ,620
 global_map,86.348 ,640
 global_map,86.3488 ,660
 global_map,87.494 ,680
 global_map,87.5388 ,700
 global_map,87.5876 ,720
 global_map,87.2464 ,740
 global_map,87.7804 ,760
 global_map,87.8604 ,780
 global_map,87.862 ,800
 global_map,87.8084 ,820
 global_map,87.8084 ,840
 global_map,88.2184 ,860
 global_map,88.3476 ,880
 global_map,88.7664 ,900
 global_map,88.7808 ,920
 global_map,88.8064 ,940
 global_map,89.1144 ,960
 global_map,89.4136 ,980
 global_map,89.4508 ,1000
 global_map,89.45 ,1020
 global_map,89.5204 ,1040
 global_map,89.5204 ,1060
 global_map,89.5204 ,1080
 global_map,89.522 ,1100
 global_map,89.522 ,1120
 global_map,89.522 ,1140
 global_map,89.522 ,1160
 global_map,89.5252 ,1180
 global_map,89.5252 ,1200
 global_map,89.5252 ,1220
 global_map,89.5904 ,1240
 The Test has finished on 2018-03-17 18:31:48 GMT time 

 ======================== 
 ======================== 
 
 
