
 
 
 ###################### 
 ###################### 

 This is the result of test on 2018-03-19 15:57:43 GMT time 

 global_map,0 ,0
 global_map,9.6224 ,20
 global_map,9.6224 ,40
 global_map,11.5744 ,60
 global_map,19.2616 ,80
 global_map,21.1152 ,100
 global_map,28.5712 ,120
 global_map,29.978 ,140
 global_map,30.1216 ,160
 global_map,32.6192 ,180
 global_map,33.9636 ,200
 global_map,37.7388 ,220
 global_map,38.1192 ,240
 global_map,38.3268 ,260
 global_map,40.5476 ,280
 global_map,45.3584 ,300
 global_map,47.1588 ,320
 global_map,50.1652 ,340
 global_map,53.3772 ,360
 global_map,55.816 ,380
 global_map,59.7808 ,400
 global_map,59.8984 ,420
 global_map,60.1604 ,440
 global_map,62.5116 ,460
 global_map,66.1492 ,480
 global_map,68.3324 ,500
 global_map,69.95 ,520
 global_map,70.642 ,540
 global_map,70.0244 ,560
 global_map,70.0392 ,580
 global_map,71.046 ,600
 global_map,70.574 ,620
 global_map,71.1392 ,640
 global_map,71.1744 ,660
 global_map,74.224 ,680
 global_map,82.6224 ,700
 global_map,84.0564 ,720
 global_map,84.0912 ,740
 global_map,85.492 ,760
 global_map,88.0852 ,780
 global_map,88.4184 ,800
 global_map,88.4596 ,820
 global_map,89.0552 ,840
 global_map,89.0552 ,860
 global_map,89.1132 ,880
 global_map,89.118 ,900
 global_map,89.118 ,920
 global_map,89.1384 ,940
 global_map,89.152 ,960
 global_map,89.5332 ,980
 global_map,89.5332 ,1000
 global_map,89.534 ,1020
 global_map,89.534 ,1040
 global_map,89.536 ,1060
 global_map,89.536 ,1080
 global_map,89.536 ,1100
 global_map,89.536 ,1120
 global_map,89.536 ,1140
 global_map,89.536 ,1160
 global_map,89.536 ,1180
 global_map,89.536 ,1200
 global_map,89.536 ,1220
 global_map,89.536 ,1240
 global_map,89.536 ,1260
 global_map,89.536 ,1280
 The Test has finished on 2018-03-19 20:15:13 GMT time 

 ======================== 
 ======================== 
 
 
