
 
 
 ###################### 
 ###################### 

 This is the result of test on 2018-03-22 12:36:00 GMT time 

 global_map,0 ,0
 global_map,9.0832 ,20
 global_map,9.0832 ,40
 global_map,11.0488 ,60
 global_map,14.6752 ,80
 global_map,23.3792 ,100
 global_map,27.2296 ,120
 global_map,31.078 ,140
 global_map,31.6952 ,160
 global_map,33.7024 ,180
 global_map,34.3604 ,200
 global_map,34.702 ,220
 global_map,38.1616 ,240
 global_map,44.4968 ,260
 global_map,46.0308 ,280
 global_map,47.4592 ,300
 global_map,52.312 ,320
 global_map,53.7164 ,340
 global_map,56.3968 ,360
 global_map,60.3108 ,380
 global_map,64.4128 ,400
 global_map,66.954 ,420
 global_map,76.1404 ,440
 global_map,80.3292 ,460
 global_map,80.7652 ,480
 global_map,80.9288 ,500
 global_map,84.1092 ,520
 global_map,86.5124 ,540
 global_map,86.5124 ,560
 global_map,86.6108 ,580
 global_map,86.6132 ,600
 global_map,88.1904 ,620
 global_map,89.2496 ,640
 global_map,89.2496 ,660
 global_map,90.4044 ,680
 global_map,91.2 ,700
 global_map,91.6288 ,720
 global_map,92.0876 ,740
 global_map,92.0616 ,760
 global_map,92.312 ,780
 global_map,92.3724 ,800
 global_map,92.3724 ,820
 global_map,93.1084 ,840
 global_map,93.464 ,860
 global_map,93.5904 ,880
 global_map,93.7364 ,900
 global_map,93.738 ,920
 global_map,93.8176 ,940
 global_map,93.8184 ,960
 global_map,93.8296 ,980
 global_map,93.8296 ,1000
 global_map,93.8296 ,1020
 global_map,93.8296 ,1040
 global_map,93.8296 ,1060
 global_map,93.8296 ,1080
 global_map,93.8296 ,1100
 global_map,93.8296 ,1120
 global_map,93.8296 ,1140
 global_map,93.8296 ,1160
 global_map,93.8296 ,1180
 global_map,93.8296 ,1200
 global_map,93.8296 ,1220
 global_map,93.8296 ,1240
 global_map,93.8296 ,1260
 global_map,93.8296 ,1280
 The Test has finished on 2018-03-22 13:51:44 GMT time 

 ======================== 
 ======================== 
 
 
