
 
 
 ###################### 
 ###################### 

 This is the result of test on 2018-03-14 16:26:23 GMT time 

 global_map,0 ,0
 global_map,10.0232 ,20
 global_map,10.0232 ,40
 global_map,12.2292 ,60
 global_map,20.3624 ,80
 global_map,23.056 ,100
 global_map,25.5516 ,120
 global_map,26.6652 ,140
 global_map,28.9312 ,160
 global_map,31.2532 ,180
 global_map,34.5844 ,200
 global_map,39.1204 ,220
 global_map,39.3436 ,240
 global_map,39.0992 ,260
 global_map,39.1016 ,280
 global_map,44.5684 ,300
 global_map,53.112 ,320
 global_map,54.4172 ,340
 global_map,55.2412 ,360
 global_map,57.1968 ,380
 global_map,57.8744 ,400
 global_map,58.7388 ,420
 global_map,59.8376 ,440
 global_map,59.9528 ,460
 global_map,61.9776 ,480
 global_map,63.066 ,500
 global_map,63.3056 ,520
 global_map,63.2396 ,540
 global_map,64.94 ,560
 global_map,65.7808 ,580
 global_map,67.4276 ,600
 global_map,68.4372 ,620
 global_map,68.7092 ,640
 global_map,68.7168 ,660
 global_map,68.7168 ,680
 global_map,68.8048 ,700
 global_map,69.2376 ,720
 global_map,69.272 ,740
 global_map,69.4088 ,760
 global_map,69.6432 ,780
 global_map,69.6432 ,800
 global_map,69.6432 ,820
 global_map,69.6444 ,840
 global_map,69.6464 ,860
 global_map,69.6504 ,880
 global_map,69.6548 ,900
 global_map,69.6548 ,920
 global_map,69.6548 ,940
 global_map,69.8164 ,960
 global_map,70.0072 ,980
 global_map,70.5456 ,1000
 global_map,70.5724 ,1020
 global_map,70.5736 ,1040
 global_map,70.5868 ,1060
 global_map,71.03 ,1080
 global_map,71.2992 ,1100
 global_map,71.3044 ,1120
 global_map,71.3088 ,1140
 global_map,71.3148 ,1160
 global_map,71.3716 ,1180
 global_map,71.3744 ,1200
 global_map,71.3828 ,1220
 global_map,71.3828 ,1240
 global_map,71.3828 ,1260
 global_map,71.4196 ,1280
 The Test has finished on 2018-03-14 17:33:18 GMT time 

 ======================== 
 ======================== 
 
 
