
 
 
 ###################### 
 ###################### 

 This is the result of test on 2018-03-21 20:29:35 GMT time 

 global_map,0 ,0
 global_map,9.6212 ,20
 global_map,9.6212 ,40
 global_map,11.838 ,60
 global_map,18.236 ,80
 global_map,19.2512 ,100
 global_map,21.3512 ,120
 global_map,23.6516 ,140
 global_map,24.1788 ,160
 global_map,25.3276 ,180
 global_map,33.5164 ,200
 global_map,37.1768 ,220
 global_map,37.6928 ,240
 global_map,41.9676 ,260
 global_map,44.734 ,280
 global_map,48.0644 ,300
 global_map,50.1828 ,320
 global_map,54.5892 ,340
 global_map,56.872 ,360
 global_map,69.2036 ,380
 global_map,69.928 ,400
 global_map,73.4468 ,420
 global_map,74.028 ,440
 global_map,74.8224 ,460
 global_map,74.8956 ,480
 global_map,75.3496 ,500
 global_map,75.398 ,520
 global_map,77.9228 ,540
 global_map,77.9228 ,560
 global_map,77.926 ,580
 global_map,77.9292 ,600
 global_map,77.9348 ,620
 global_map,79.8432 ,640
 global_map,81.6152 ,660
 global_map,81.7776 ,680
 global_map,81.7776 ,700
 global_map,81.788 ,720
 global_map,82.9548 ,740
 global_map,82.9624 ,760
 global_map,82.9624 ,780
 global_map,82.9836 ,800
 global_map,82.9836 ,820
 global_map,82.9936 ,840
 global_map,82.9936 ,860
 global_map,82.9936 ,880
 global_map,82.9936 ,900
 global_map,82.9936 ,920
 global_map,82.9936 ,940
 global_map,82.9936 ,960
 global_map,82.9936 ,980
 global_map,82.9936 ,1000
 global_map,82.9936 ,1020
 global_map,82.9936 ,1040
 global_map,82.9936 ,1060
 global_map,82.9936 ,1080
 global_map,82.9936 ,1100
 global_map,82.9936 ,1120
 global_map,82.9936 ,1140
 global_map,82.9936 ,1160
 global_map,82.9936 ,1180
 global_map,82.9936 ,1200
 global_map,82.9464 ,1220
 global_map,82.9464 ,1240
 global_map,82.9464 ,1260
 global_map,82.9464 ,1280
 The Test has finished on 2018-03-21 21:22:09 GMT time 

 ======================== 
 ======================== 
 
 
