
 
 
 ###################### 
 ###################### 

 This is the result of test on 2018-03-17 12:34:23 GMT time 

 global_map,0 ,0
 global_map,9.9376 ,20
 global_map,9.9376 ,40
 global_map,11.7252 ,60
 global_map,19.784 ,80
 global_map,23.7296 ,100
 global_map,24.3224 ,120
 global_map,26.0656 ,140
 global_map,26.7204 ,160
 global_map,27.9096 ,180
 global_map,34.3356 ,200
 global_map,36.634 ,220
 global_map,39.5888 ,240
 global_map,43.9464 ,260
 global_map,45.3596 ,280
 global_map,47.9444 ,300
 global_map,48.8748 ,320
 global_map,50.2932 ,340
 global_map,56.6912 ,360
 global_map,56.7748 ,380
 global_map,57.0016 ,400
 global_map,58.5808 ,420
 global_map,60.0608 ,440
 global_map,61.3904 ,460
 global_map,62.6204 ,480
 global_map,63.4248 ,500
 global_map,63.5312 ,520
 global_map,64.7028 ,540
 global_map,69.1108 ,560
 global_map,73.2572 ,580
 global_map,76.9088 ,600
 global_map,77.5632 ,620
 global_map,77.6848 ,640
 global_map,77.5276 ,660
 global_map,77.6076 ,680
 global_map,77.6196 ,700
 global_map,77.8032 ,720
 global_map,77.8112 ,740
 global_map,78.004 ,760
 global_map,80.5152 ,780
 global_map,80.542 ,800
 global_map,80.634 ,820
 global_map,80.7056 ,840
 global_map,80.896 ,860
 global_map,80.8968 ,880
 global_map,81.0316 ,900
 global_map,84.0668 ,920
 global_map,85.3832 ,940
 global_map,85.4668 ,960
 global_map,85.8208 ,980
 global_map,86.7488 ,1000
 global_map,87.1668 ,1020
 global_map,88.0956 ,1040
 global_map,88.082 ,1060
 global_map,88.0848 ,1080
 global_map,88.0848 ,1100
 global_map,88.0848 ,1120
 global_map,88.1448 ,1140
 global_map,88.1604 ,1160
 global_map,88.2532 ,1180
 global_map,88.2532 ,1200
 global_map,88.2532 ,1220
 global_map,88.3024 ,1240
 global_map,88.3036 ,1260
 global_map,89.8796 ,1280
 The Test has finished on 2018-03-17 13:44:45 GMT time 

 ======================== 
 ======================== 
 
 
