
 
 
 ###################### 
 ###################### 

 This is the result of test on 2018-03-15 12:30:55 GMT time 

 global_map,0 ,0
 global_map,9.7744 ,20
 global_map,9.7744 ,40
 global_map,12.5712 ,60
 global_map,15.9236 ,80
 global_map,17.6876 ,100
 global_map,20.3624 ,120
 global_map,22.2224 ,140
 global_map,23.7908 ,160
 global_map,23.9164 ,180
 global_map,24.6128 ,200
 global_map,28.3892 ,220
 global_map,34.9104 ,240
 global_map,38.0904 ,260
 global_map,40.496 ,280
 global_map,42.4176 ,300
 global_map,46.2632 ,320
 global_map,51.3672 ,340
 global_map,55.9048 ,360
 global_map,58.0396 ,380
 global_map,66.5072 ,400
 global_map,67.012 ,420
 global_map,74.2876 ,440
 global_map,75.1904 ,460
 global_map,75.252 ,480
 global_map,75.2444 ,500
 global_map,75.4876 ,520
 global_map,79.0428 ,540
 global_map,83.2544 ,560
 global_map,83.9324 ,580
 global_map,84.2576 ,600
 global_map,85.3244 ,620
 global_map,85.5296 ,640
 global_map,85.8868 ,660
 global_map,85.8996 ,680
 global_map,86.0584 ,700
 global_map,86.0588 ,720
 global_map,86.0588 ,740
 global_map,86.0616 ,760
 global_map,86.0328 ,780
 global_map,86.0844 ,800
 global_map,86.668 ,820
 global_map,86.7364 ,840
 global_map,86.8008 ,860
 global_map,86.7872 ,880
 global_map,86.7888 ,900
 global_map,86.7888 ,920
 global_map,86.7996 ,940
 global_map,86.8052 ,960
 global_map,87.9572 ,980
 global_map,87.96 ,1000
 global_map,88.0648 ,1020
 global_map,88.2604 ,1040
 global_map,88.488 ,1060
 global_map,89.7788 ,1080
 global_map,89.786 ,1100
 global_map,89.7864 ,1120
 global_map,89.8016 ,1140
 global_map,89.8016 ,1160
 global_map,89.8016 ,1180
 global_map,89.8016 ,1200
 global_map,89.8016 ,1220
 global_map,89.8016 ,1240
 global_map,89.8016 ,1260
 global_map,89.8016 ,1280
 The Test has finished on 2018-03-15 13:53:45 GMT time 

 ======================== 
 ======================== 
 
 
