
 
 
 ###################### 
 ###################### 

 This is the result of test on 2018-03-22 11:27:39 GMT time 

 global_map,0 ,0
 global_map,10.0032 ,20
 global_map,10.0032 ,40
 global_map,11.5408 ,60
 global_map,14.0752 ,80
 global_map,14.6368 ,100
 global_map,19.6948 ,120
 global_map,23.3872 ,140
 global_map,24.0344 ,160
 global_map,25.5472 ,180
 global_map,25.9912 ,200
 global_map,26.8732 ,220
 global_map,32.7868 ,240
 global_map,37.238 ,260
 global_map,38.4648 ,280
 global_map,42.804 ,300
 global_map,45.442 ,320
 global_map,45.5652 ,340
 global_map,45.8188 ,360
 global_map,45.8116 ,380
 global_map,45.8428 ,400
 global_map,46.2336 ,420
 global_map,46.6636 ,440
 global_map,49.032 ,460
 global_map,49.9724 ,480
 global_map,52.0508 ,500
 global_map,52.6236 ,520
 global_map,56.486 ,540
 global_map,56.518 ,560
 global_map,56.5616 ,580
 global_map,56.6164 ,600
 global_map,56.8456 ,620
 global_map,56.8724 ,640
 global_map,58.8032 ,660
 global_map,58.8192 ,680
 global_map,59.0888 ,700
 global_map,59.4512 ,720
 global_map,59.7156 ,740
 global_map,59.7164 ,760
 global_map,59.7792 ,780
 global_map,59.7852 ,800
 global_map,59.7912 ,820
 global_map,61.0628 ,840
 global_map,61.2284 ,860
 global_map,62.3956 ,880
 global_map,62.3956 ,900
 global_map,62.3956 ,920
 global_map,62.4028 ,940
 global_map,62.4124 ,960
 global_map,62.4312 ,980
 global_map,63.2156 ,1000
 global_map,64.0548 ,1020
 global_map,65.76 ,1040
 global_map,66.4312 ,1060
 global_map,66.7064 ,1080
 global_map,67.3716 ,1100
 global_map,67.3724 ,1120
 global_map,67.376 ,1140
 global_map,67.3764 ,1160
 global_map,67.3768 ,1180
 global_map,67.562 ,1200
 global_map,67.5032 ,1220
 global_map,67.508 ,1240
 global_map,67.5268 ,1260
 global_map,67.5268 ,1280
 The Test has finished on 2018-03-22 12:34:07 GMT time 

 ======================== 
 ======================== 
 
 
