
 
 
 ###################### 
 ###################### 

 This is the result of test on 2018-03-17 13:47:23 GMT time 

 global_map,0 ,0
 global_map,9.6048 ,20
 global_map,9.6048 ,40
 global_map,10.7184 ,60
 global_map,17.8412 ,80
 global_map,21.8672 ,100
 global_map,25.0408 ,120
 global_map,25.7288 ,140
 global_map,28.362 ,160
 global_map,32.7416 ,180
 global_map,35.3508 ,200
 global_map,38.5836 ,220
 global_map,39.2236 ,240
 global_map,41.6236 ,260
 global_map,49.8596 ,280
 global_map,51.9856 ,300
 global_map,63.1484 ,320
 global_map,65.8668 ,340
 global_map,67.0544 ,360
 global_map,68.606 ,380
 global_map,69.974 ,400
 global_map,70.1976 ,420
 global_map,71.9748 ,440
 global_map,75.2976 ,460
 global_map,77.5824 ,480
 global_map,77.6988 ,500
 global_map,77.8228 ,520
 global_map,77.8968 ,540
 global_map,80.7544 ,560
 global_map,82.526 ,580
 global_map,82.5304 ,600
 global_map,82.6952 ,620
 global_map,85.86 ,640
 global_map,85.8644 ,660
 global_map,85.8644 ,680
 global_map,85.8644 ,700
 global_map,86.8904 ,720
 global_map,88.3368 ,740
 global_map,88.3292 ,760
 global_map,88.7576 ,780
 global_map,88.846 ,800
 global_map,89.0148 ,820
 global_map,89.11 ,840
 global_map,89.1004 ,860
 global_map,89.1012 ,880
 global_map,89.8612 ,900
 global_map,89.8768 ,920
 global_map,89.8768 ,940
 global_map,89.8768 ,960
 global_map,89.8772 ,980
 global_map,90.978 ,1000
 global_map,90.9832 ,1020
 global_map,91.036 ,1040
 global_map,91.036 ,1060
 global_map,91.036 ,1080
 global_map,91.036 ,1100
 global_map,91.036 ,1120
 global_map,91.036 ,1140
 global_map,91.036 ,1160
 global_map,91.0324 ,1180
 global_map,91.0324 ,1200
 global_map,91.0324 ,1220
 global_map,91.0324 ,1240
 global_map,91.0324 ,1260
 global_map,91.0324 ,1280
 The Test has finished on 2018-03-17 15:04:48 GMT time 

 ======================== 
 ======================== 
 
 
