
 
 
 ###################### 
 ###################### 

 This is the result of test on 2018-03-17 15:06:33 GMT time 

 global_map,0 ,0
 global_map,9.37 ,20
 global_map,9.37 ,40
 global_map,12.9516 ,60
 global_map,20.9648 ,80
 global_map,21.532 ,100
 global_map,23.6752 ,120
 global_map,25.8712 ,140
 global_map,28.7088 ,160
 global_map,29.1008 ,180
 global_map,29.308 ,200
 global_map,29.8732 ,220
 global_map,34.7696 ,240
 global_map,41.4424 ,260
 global_map,46.696 ,280
 global_map,55.8984 ,300
 global_map,57.1656 ,320
 global_map,57.33 ,340
 global_map,61.6388 ,360
 global_map,66.762 ,380
 global_map,72.218 ,400
 global_map,72.2416 ,420
 global_map,73.078 ,440
 global_map,74.1036 ,460
 global_map,74.7008 ,480
 global_map,74.6888 ,500
 global_map,74.7004 ,520
 global_map,74.714 ,540
 global_map,74.7148 ,560
 global_map,75.0408 ,580
 global_map,75.1132 ,600
 global_map,75.1664 ,620
 global_map,75.1668 ,640
 global_map,75.1116 ,660
 global_map,75.114 ,680
 global_map,75.1404 ,700
 global_map,75.1448 ,720
 global_map,75.9848 ,740
 global_map,75.9848 ,760
 global_map,75.9848 ,780
 global_map,75.9848 ,800
 global_map,75.9848 ,820
 global_map,75.9848 ,840
 global_map,75.9848 ,860
 global_map,75.9848 ,880
 global_map,75.9848 ,900
 global_map,75.9848 ,920
 global_map,75.9848 ,940
 global_map,75.9848 ,960
 global_map,75.9848 ,980
 global_map,75.9848 ,1000
 global_map,75.9848 ,1020
 global_map,75.9848 ,1040
 global_map,75.9956 ,1060
 global_map,75.9968 ,1080
 global_map,75.9968 ,1100
 global_map,75.9968 ,1120
 global_map,75.992 ,1140
 global_map,75.996 ,1160
 global_map,76.0564 ,1180
 global_map,76.0564 ,1200
 global_map,76.0564 ,1220
 global_map,76.0564 ,1240
 global_map,76.0564 ,1260
 global_map,76.0564 ,1280
 The Test has finished on 2018-03-17 16:06:29 GMT time 

 ======================== 
 ======================== 
 
 
