
 
 
 ###################### 
 ###################### 

 This is the result of test on 2018-03-17 21:19:25 GMT time 

 global_map,0 ,0
 global_map,9.6816 ,20
 global_map,9.6816 ,40
 global_map,11.5472 ,60
 global_map,17.6424 ,80
 global_map,18.158 ,100
 global_map,21.67 ,120
 global_map,22.686 ,140
 global_map,23.0612 ,160
 global_map,23.9252 ,180
 global_map,25.352 ,200
 global_map,29.6972 ,220
 global_map,37.6588 ,240
 global_map,43.8076 ,260
 global_map,48.4604 ,280
 global_map,54.1936 ,300
 global_map,54.2384 ,320
 global_map,63.326 ,340
 global_map,63.4028 ,360
 global_map,63.8696 ,380
 global_map,65.4436 ,400
 global_map,70.112 ,420
 global_map,71.0448 ,440
 global_map,71.0432 ,460
 global_map,71.6452 ,480
 global_map,71.6452 ,500
 global_map,71.6472 ,520
 global_map,73.2732 ,540
 global_map,73.7444 ,560
 global_map,75.3688 ,580
 global_map,75.444 ,600
 global_map,76.1384 ,620
 global_map,76.4776 ,640
 global_map,77.23 ,660
 global_map,77.2104 ,680
 global_map,77.3336 ,700
 global_map,77.3652 ,720
 global_map,77.4324 ,740
 global_map,77.6728 ,760
 global_map,77.7056 ,780
 global_map,77.8164 ,800
 global_map,77.9924 ,820
 global_map,78.1152 ,840
 global_map,82.2396 ,860
 global_map,83.5556 ,880
 global_map,83.756 ,900
 global_map,83.7576 ,920
 global_map,83.842 ,940
 global_map,83.8776 ,960
 global_map,83.9068 ,980
 global_map,83.9084 ,1000
 global_map,83.9748 ,1020
 global_map,84.0084 ,1040
 global_map,84.0084 ,1060
 global_map,84.0084 ,1080
 global_map,84.0084 ,1100
 global_map,84.0108 ,1120
 global_map,84.012 ,1140
 global_map,84.0236 ,1160
 global_map,84.0236 ,1180
 global_map,84.0236 ,1200
 global_map,84.0236 ,1220
 global_map,84.0236 ,1240
 global_map,84.0236 ,1260
 global_map,84.0236 ,1280
 The Test has finished on 2018-03-17 22:33:01 GMT time 

 ======================== 
 ======================== 
 
 
