
 
 
 ###################### 
 ###################### 

 This is the result of test on 2018-03-17 16:08:09 GMT time 

 global_map,0 ,0
 global_map,9.5376 ,20
 global_map,9.5376 ,40
 global_map,10.206 ,60
 global_map,19.5088 ,80
 global_map,23.1512 ,100
 global_map,24.03 ,120
 global_map,25.0596 ,140
 global_map,27.5176 ,160
 global_map,31.2288 ,180
 global_map,33.2856 ,200
 global_map,35.6528 ,220
 global_map,40.6312 ,240
 global_map,47.5384 ,260
 global_map,49.5276 ,280
 global_map,52.5968 ,300
 global_map,57.872 ,320
 global_map,59.8428 ,340
 global_map,66.2464 ,360
 global_map,68.626 ,380
 global_map,71.5732 ,400
 global_map,77.0488 ,420
 global_map,78.608 ,440
 global_map,78.73 ,460
 global_map,78.7376 ,480
 global_map,79.2828 ,500
 global_map,82.8896 ,520
 global_map,83.3444 ,540
 global_map,83.3444 ,560
 global_map,85.1332 ,580
 global_map,85.4432 ,600
 global_map,85.8464 ,620
 global_map,85.8464 ,640
 global_map,87.4096 ,660
 global_map,87.1988 ,680
 global_map,87.3872 ,700
 global_map,87.6008 ,720
 global_map,88.334 ,740
 global_map,88.334 ,760
 global_map,88.4204 ,780
 global_map,88.4428 ,800
 global_map,88.4428 ,820
 global_map,88.4868 ,840
 global_map,88.4868 ,860
 global_map,88.5248 ,880
 global_map,88.5368 ,900
 global_map,88.632 ,920
 global_map,88.6984 ,940
 global_map,88.9228 ,960
 global_map,88.9608 ,980
 global_map,89.0288 ,1000
 global_map,89.0288 ,1020
 global_map,89.3408 ,1040
 global_map,90.1104 ,1060
 global_map,90.1256 ,1080
 global_map,91.8492 ,1100
 global_map,91.8492 ,1120
 global_map,91.9288 ,1140
 global_map,92.0424 ,1160
 global_map,92.014 ,1180
 global_map,92.0516 ,1200
 global_map,92.0524 ,1220
 global_map,92.0684 ,1240
 global_map,92.3656 ,1260
 global_map,92.3656 ,1280
 The Test has finished on 2018-03-17 17:38:58 GMT time 

 ======================== 
 ======================== 
 
 
