
 
 
 ###################### 
 ###################### 

 This is the result of test on 2018-03-14 18:38:55 GMT time 

 global_map,0 ,0
 global_map,9.9212 ,20
 global_map,9.9212 ,40
 global_map,13.4896 ,60
 global_map,20.6068 ,80
 global_map,24.0428 ,100
 global_map,24.7444 ,120
 global_map,26.1524 ,140
 global_map,27.5544 ,160
 global_map,28.1072 ,180
 global_map,29.5956 ,200
 global_map,33.9968 ,220
 global_map,39.312 ,240
 global_map,45.3624 ,260
 global_map,49.2804 ,280
 global_map,52.0696 ,300
 global_map,56.5576 ,320
 global_map,57.9532 ,340
 global_map,58.0528 ,360
 global_map,66.7892 ,380
 global_map,66.832 ,400
 global_map,66.8612 ,420
 global_map,69.0132 ,440
 global_map,72.6564 ,460
 global_map,73.6028 ,480
 global_map,75.3228 ,500
 global_map,75.35 ,520
 global_map,75.576 ,540
 global_map,75.5852 ,560
 global_map,76.9528 ,580
 global_map,77.2084 ,600
 global_map,79.9456 ,620
 global_map,79.9456 ,640
 global_map,81.552 ,660
 global_map,81.63 ,680
 global_map,82.7024 ,700
 global_map,82.848 ,720
 global_map,82.868 ,740
 global_map,83.326 ,760
 global_map,83.4488 ,780
 global_map,83.3992 ,800
 global_map,84.03 ,820
 global_map,84.3584 ,840
 global_map,84.3964 ,860
 global_map,84.8456 ,880
 global_map,85.9724 ,900
 global_map,86.1856 ,920
 global_map,86.3336 ,940
 global_map,86.5712 ,960
 global_map,86.3364 ,980
 global_map,86.3404 ,1000
 global_map,86.3412 ,1020
 global_map,86.3444 ,1040
 global_map,86.3444 ,1060
 global_map,86.3444 ,1080
 global_map,86.3444 ,1100
 global_map,86.3444 ,1120
 global_map,86.3444 ,1140
 global_map,86.3444 ,1160
 global_map,86.3444 ,1180
 global_map,86.3444 ,1200
 global_map,86.3444 ,1220
 global_map,86.3444 ,1240
 global_map,86.3444 ,1260
 global_map,86.3444 ,1280
 The Test has finished on 2018-03-14 20:31:48 GMT time 

 ======================== 
 ======================== 
 
 
