
 
 
 ###################### 
 ###################### 

 This is the result of test on 2018-03-21 21:25:38 GMT time 

 global_map,0 ,0
 global_map,9.4632 ,20
 global_map,9.4632 ,40
 global_map,12.0532 ,60
 global_map,15.1188 ,80
 global_map,20.1288 ,100
 global_map,25.196 ,120
 global_map,25.8268 ,140
 global_map,27.8104 ,160
 global_map,28.782 ,180
 global_map,29.536 ,200
 global_map,32.936 ,220
 global_map,43.0268 ,240
 global_map,45.8524 ,260
 global_map,49.22 ,280
 global_map,55.3764 ,300
 global_map,60.9036 ,320
 global_map,62.9456 ,340
 global_map,64.9836 ,360
 global_map,67.0428 ,380
 global_map,70.3896 ,400
 global_map,70.47 ,420
 global_map,70.5176 ,440
 global_map,71.128 ,460
 global_map,75.0116 ,480
 global_map,75.4148 ,500
 global_map,77.6768 ,520
 global_map,78.0488 ,540
 global_map,78.2048 ,560
 global_map,78.7176 ,580
 global_map,79.926 ,600
 global_map,80.122 ,620
 global_map,80.1432 ,640
 global_map,80.1892 ,660
 global_map,80.1892 ,680
 global_map,80.1952 ,700
 global_map,80.2396 ,720
 global_map,80.2964 ,740
 global_map,80.3044 ,760
 global_map,80.3284 ,780
 global_map,80.3752 ,800
 global_map,80.5184 ,820
 global_map,80.5184 ,840
 global_map,80.5184 ,860
 global_map,80.5184 ,880
 global_map,80.5184 ,900
 global_map,80.5184 ,920
 global_map,80.5184 ,940
 global_map,80.5184 ,960
 global_map,80.5184 ,980
 global_map,80.5184 ,1000
 global_map,80.5184 ,1020
 global_map,80.5184 ,1040
 global_map,80.5184 ,1060
 global_map,80.5184 ,1080
 global_map,80.5184 ,1100
 global_map,80.5184 ,1120
 global_map,80.5184 ,1140
 global_map,80.5184 ,1160
 global_map,80.5184 ,1180
 global_map,80.5184 ,1200
 global_map,80.5184 ,1220
 global_map,80.5184 ,1240
 global_map,80.5184 ,1260
 global_map,80.5184 ,1280
 The Test has finished on 2018-03-21 22:11:41 GMT time 

 ======================== 
 ======================== 
 
 
