
 
 
 ###################### 
 ###################### 

 This is the result of test on 2018-03-22 10:08:39 GMT time 

 global_map,0 ,0
 global_map,9.4972 ,20
 global_map,9.4972 ,40
 global_map,11.9096 ,60
 global_map,18.6412 ,80
 global_map,19.0652 ,100
 global_map,23.7412 ,120
 global_map,24.2204 ,140
 global_map,28.1612 ,160
 global_map,30.2176 ,180
 global_map,32.19 ,200
 global_map,33.4448 ,220
 global_map,33.5092 ,240
 global_map,33.5468 ,260
 global_map,33.5468 ,280
 global_map,34.8112 ,300
 global_map,38.2396 ,320
 global_map,39.73 ,340
 global_map,43.8464 ,360
 global_map,48.9804 ,380
 global_map,54.8008 ,400
 global_map,58.9812 ,420
 global_map,59.6064 ,440
 global_map,65.4444 ,460
 global_map,65.9824 ,480
 global_map,73.062 ,500
 global_map,74.054 ,520
 global_map,78.188 ,540
 global_map,80.062 ,560
 global_map,80.0808 ,580
 global_map,80.0968 ,600
 global_map,80.0968 ,620
 global_map,80.11 ,640
 global_map,80.132 ,660
 global_map,80.3068 ,680
 global_map,81.2692 ,700
 global_map,81.2856 ,720
 global_map,81.3256 ,740
 global_map,81.3972 ,760
 global_map,81.4448 ,780
 global_map,81.4476 ,800
 global_map,81.4476 ,820
 global_map,81.5956 ,840
 global_map,81.7388 ,860
 global_map,82.2868 ,880
 global_map,82.6236 ,900
 global_map,82.624 ,920
 global_map,82.6384 ,940
 global_map,84.1432 ,960
 global_map,86.8512 ,980
 global_map,87.016 ,1000
 global_map,87.5596 ,1020
 global_map,87.6064 ,1040
 global_map,90.19 ,1060
 global_map,90.194 ,1080
 global_map,91.582 ,1100
 global_map,91.6352 ,1120
 global_map,91.6356 ,1140
 global_map,91.6428 ,1160
 global_map,91.968 ,1180
 global_map,92.0324 ,1200
 global_map,92.0356 ,1220
 global_map,92.518 ,1240
 global_map,92.9736 ,1260
 global_map,93.0068 ,1280
 The Test has finished on 2018-03-22 11:07:59 GMT time 

 ======================== 
 ======================== 
 
 
