
 
 
 ###################### 
 ###################### 

 This is the result of test on 2018-03-15 16:10:31 GMT time 

 global_map,0 ,0
 global_map,10.1176 ,20
 global_map,10.1176 ,40
 global_map,11.1564 ,60
 global_map,13.4912 ,80
 global_map,18.4936 ,100
 global_map,25.1044 ,120
 global_map,27.578 ,140
 global_map,29.6092 ,160
 global_map,30.806 ,180
 global_map,33.4288 ,200
 global_map,39.0864 ,220
 global_map,40.8504 ,240
 global_map,44.394 ,260
 global_map,53.4804 ,280
 global_map,58.578 ,300
 global_map,63.1284 ,320
 global_map,63.8848 ,340
 global_map,64.8184 ,360
 global_map,64.9132 ,380
 global_map,75.1292 ,400
 global_map,75.1632 ,420
 global_map,75.2056 ,440
 global_map,75.1776 ,460
 global_map,75.4564 ,480
 global_map,76.3468 ,500
 global_map,76.6296 ,520
 global_map,76.732 ,540
 global_map,76.686 ,560
 global_map,76.694 ,580
 global_map,76.694 ,600
 global_map,76.7336 ,620
 global_map,76.624 ,640
 global_map,76.624 ,660
 global_map,76.6328 ,680
 global_map,76.6328 ,700
 global_map,76.6328 ,720
 global_map,76.6356 ,740
 global_map,76.6356 ,760
 global_map,76.6372 ,780
 global_map,76.6372 ,800
 global_map,76.6372 ,820
 global_map,76.6372 ,840
 global_map,76.6372 ,860
 global_map,76.6372 ,880
 global_map,76.6372 ,900
 global_map,76.6372 ,920
 global_map,76.6372 ,940
 global_map,76.6372 ,960
 global_map,76.6372 ,980
 global_map,76.6372 ,1000
 global_map,76.6372 ,1020
 global_map,76.6372 ,1040
 global_map,76.6372 ,1060
 global_map,76.6372 ,1080
 global_map,76.6372 ,1100
 global_map,76.6372 ,1120
 global_map,76.6372 ,1140
 global_map,76.6372 ,1160
 global_map,76.6372 ,1180
 global_map,76.6372 ,1200
 global_map,76.6372 ,1220
 global_map,76.6372 ,1240
 global_map,76.6372 ,1260
 global_map,76.6372 ,1280
 The Test has finished on 2018-03-15 17:21:30 GMT time 

 ======================== 
 ======================== 
 
 
