
 
 
 ###################### 
 ###################### 

 This is the result of test on 2018-03-19 15:06:31 GMT time 

 global_map,0 ,0
 global_map,9.0476 ,20
 global_map,9.0476 ,40
 global_map,10.4952 ,60
 global_map,11.318 ,80
 global_map,17.4232 ,100
 global_map,24.7324 ,120
 global_map,26.9372 ,140
 global_map,28.9888 ,160
 global_map,33.4 ,180
 global_map,37.4728 ,200
 global_map,38.1584 ,220
 global_map,38.6592 ,240
 global_map,40.7476 ,260
 global_map,44.274 ,280
 global_map,46.1436 ,300
 global_map,52.9676 ,320
 global_map,55.0136 ,340
 global_map,56.438 ,360
 global_map,56.9748 ,380
 global_map,57.1828 ,400
 global_map,58.6396 ,420
 global_map,62.4284 ,440
 global_map,62.768 ,460
 global_map,62.8832 ,480
 global_map,64.302 ,500
 global_map,72.492 ,520
 global_map,72.5676 ,540
 global_map,72.6768 ,560
 global_map,75.044 ,580
 global_map,77.832 ,600
 global_map,77.858 ,620
 global_map,79.3464 ,640
 global_map,79.3948 ,660
 global_map,79.4208 ,680
 global_map,79.4976 ,700
 global_map,79.5388 ,720
 global_map,79.5768 ,740
 global_map,80.666 ,760
 global_map,80.9144 ,780
 global_map,83.3144 ,800
 global_map,83.3144 ,820
 global_map,83.3308 ,840
 global_map,83.3308 ,860
 global_map,83.3728 ,880
 global_map,83.3728 ,900
 global_map,83.3728 ,920
 global_map,83.3728 ,940
 global_map,83.3728 ,960
 global_map,83.382 ,980
 global_map,83.382 ,1000
 global_map,83.382 ,1020
 global_map,83.382 ,1040
 global_map,83.382 ,1060
 global_map,83.382 ,1080
 global_map,83.382 ,1100
 global_map,83.382 ,1120
 global_map,83.382 ,1140
 global_map,83.382 ,1160
 global_map,83.382 ,1180
 global_map,83.382 ,1200
 global_map,83.382 ,1220
 global_map,83.382 ,1240
 global_map,83.382 ,1260
 global_map,83.382 ,1280
 The Test has finished on 2018-03-19 15:55:55 GMT time 

 ======================== 
 ======================== 
 
 
