
 
 
 ###################### 
 ###################### 

 This is the result of test on 2018-03-17 23:56:35 GMT time 

 global_map,0 ,0
 global_map,9.716 ,20
 global_map,9.716 ,40
 global_map,10.4252 ,60
 global_map,13.2616 ,80
 global_map,21.5896 ,100
 global_map,23.4812 ,120
 global_map,29.6616 ,140
 global_map,32.7608 ,160
 global_map,35.4728 ,180
 global_map,40.8288 ,200
 global_map,41.4808 ,220
 global_map,44.9244 ,240
 global_map,46.1456 ,260
 global_map,54.0276 ,280
 global_map,54.5112 ,300
 global_map,62.1568 ,320
 global_map,67.8128 ,340
 global_map,68.1472 ,360
 global_map,70.08 ,380
 global_map,72.0816 ,400
 global_map,73.9728 ,420
 global_map,75.524 ,440
 global_map,75.9968 ,460
 global_map,77.9356 ,480
 global_map,79.1344 ,500
 global_map,79.6 ,520
 global_map,79.6348 ,540
 global_map,80.6096 ,560
 global_map,83.2028 ,580
 global_map,83.3708 ,600
 global_map,84.876 ,620
 global_map,86.5036 ,640
 global_map,86.5332 ,660
 global_map,86.6016 ,680
 global_map,86.624 ,700
 global_map,86.6472 ,720
 global_map,86.6788 ,740
 global_map,87.468 ,760
 global_map,87.538 ,780
 global_map,87.8576 ,800
 global_map,87.9324 ,820
 global_map,87.9932 ,840
 global_map,87.9932 ,860
 global_map,87.9932 ,880
 global_map,87.9932 ,900
 global_map,87.9932 ,920
 global_map,87.9932 ,940
 global_map,87.9932 ,960
 global_map,87.9932 ,980
 global_map,87.9932 ,1000
 global_map,87.9932 ,1020
 global_map,87.9932 ,1040
 global_map,87.9932 ,1060
 global_map,87.9932 ,1080
 global_map,87.9932 ,1100
 global_map,87.9932 ,1120
 global_map,87.9932 ,1140
 global_map,87.9932 ,1160
 global_map,87.9932 ,1180
 global_map,87.9932 ,1200
 global_map,87.9932 ,1220
 global_map,87.9932 ,1240
 global_map,87.9932 ,1260
 global_map,87.9932 ,1280
 The Test has finished on 2018-03-18 00:51:01 GMT time 

 ======================== 
 ======================== 
 
 
