
 
 
 ###################### 
 ###################### 

 This is the result of test on 2018-03-14 17:37:15 GMT time 

 global_map,0 ,0
 global_map,9.3588 ,20
 global_map,9.3588 ,40
 global_map,11.6332 ,60
 global_map,14.544 ,80
 global_map,26.8196 ,100
 global_map,30.4828 ,120
 global_map,31.266 ,140
 global_map,31.6752 ,160
 global_map,33.3124 ,180
 global_map,33.3228 ,200
 global_map,35.3568 ,220
 global_map,36.688 ,240
 global_map,36.77 ,260
 global_map,37.1364 ,280
 global_map,37.5204 ,300
 global_map,37.524 ,320
 global_map,38.9708 ,340
 global_map,39.5268 ,360
 global_map,39.7212 ,380
 global_map,39.9244 ,400
 global_map,41.8712 ,420
 global_map,42.3252 ,440
 global_map,42.7512 ,460
 global_map,44.7648 ,480
 global_map,44.94 ,500
 global_map,48.3704 ,520
 global_map,48.8056 ,540
 global_map,52.3908 ,560
 global_map,54.134 ,580
 global_map,55.4804 ,600
 global_map,58.738 ,620
 global_map,59.1768 ,640
 global_map,61.9404 ,660
 global_map,62.4612 ,680
 global_map,70.1256 ,700
 global_map,73.8936 ,720
 global_map,74.4776 ,740
 global_map,75.0976 ,760
 global_map,80.2664 ,780
 global_map,84.6716 ,800
 global_map,84.962 ,820
 global_map,85.0596 ,840
 global_map,85.7236 ,860
 global_map,85.778 ,880
 global_map,86.2696 ,900
 global_map,87.2732 ,920
 global_map,87.4984 ,940
 global_map,87.6244 ,960
 global_map,87.6636 ,980
 global_map,87.9412 ,1000
 global_map,87.9148 ,1020
 global_map,87.9148 ,1040
 global_map,87.9196 ,1060
 global_map,88.4464 ,1080
 global_map,88.4664 ,1100
 global_map,88.4668 ,1120
 global_map,88.4668 ,1140
 global_map,88.4668 ,1160
 global_map,88.4668 ,1180
 global_map,88.4668 ,1200
 global_map,88.4668 ,1220
 global_map,88.4668 ,1240
 global_map,88.4668 ,1260
 global_map,88.4668 ,1280
 The Test has finished on 2018-03-14 18:35:29 GMT time 

 ======================== 
 ======================== 
 
 
