
 
 
 ###################### 
 ###################### 

 This is the result of test on 2018-03-29 22:33:34 GMT time 

 global_map,0 ,0
 global_map,1.25696 ,20
 global_map,1.25696 ,40
 global_map,2.74976 ,60
 global_map,3.167936 ,80
 global_map,3.33312 ,100
 global_map,4.269312 ,120
 global_map,4.59968 ,140
 global_map,4.619392 ,160
 global_map,5.373696 ,180
 global_map,6.581504 ,200
 global_map,7.169472 ,220
 global_map,7.6224 ,240
 global_map,9.035968 ,260
 global_map,9.78368 ,280
 global_map,10.468096 ,300
 global_map,10.96224 ,320
 global_map,12.495424 ,340
 global_map,12.8272 ,360
 global_map,14.139776 ,380
 global_map,14.182336 ,400
 global_map,15.718784 ,420
 global_map,16.629952 ,440
 global_map,17.535936 ,460
 global_map,18.025024 ,480
 global_map,19.451456 ,500
 global_map,19.688896 ,520
 global_map,19.699904 ,540
 global_map,20.81312 ,560
 global_map,21.002688 ,580
 global_map,21.020672 ,600
 global_map,22.144192 ,620
 global_map,22.318912 ,640
 global_map,26.26656 ,660
 global_map,27.43008 ,680
 global_map,28.746304 ,700
 global_map,29.05504 ,720
 global_map,29.542464 ,740
 global_map,29.563584 ,760
 global_map,32.12096 ,780
 global_map,32.129856 ,800
 global_map,32.421184 ,820
 global_map,33.02784 ,840
 global_map,33.030912 ,860
 global_map,35.963904 ,880
 global_map,36.27776 ,900
 global_map,37.12736 ,920
 global_map,38.446912 ,940
 global_map,38.821504 ,960
 global_map,38.91392 ,980
 global_map,38.936192 ,1000
 global_map,38.956288 ,1020
 global_map,39.243712 ,1040
 global_map,39.882752 ,1060
 global_map,39.918144 ,1080
 global_map,40.42656 ,1100
 global_map,40.827968 ,1120
 global_map,40.859584 ,1140
 global_map,41.175168 ,1160
 global_map,41.17056 ,1180
 global_map,41.179072 ,1200
 global_map,41.18016 ,1220
 global_map,41.182656 ,1240
 global_map,41.228352 ,1260
 global_map,42.241088 ,1280
 global_map,48.106048 ,1300
 global_map,48.76192 ,1320
 global_map,48.763712 ,1340
 global_map,49.334144 ,1360
 global_map,49.352192 ,1380
 global_map,49.396864 ,1400
 global_map,50.678208 ,1420
 global_map,50.835072 ,1440
 global_map,50.835072 ,1460
 global_map,50.835072 ,1480
 The Test has finished on 2018-03-30 04:41:04 GMT time 

 ======================== 
 ======================== 
 
 
