
 
 
 ###################### 
 ###################### 

 This is the result of test on 2018-03-29 05:24:29 GMT time 

 global_map,0 ,0
 global_map,1.26336 ,20
 global_map,1.26336 ,40
 global_map,2.574848 ,60
 global_map,3.24576 ,80
 global_map,3.549824 ,100
 global_map,3.87936 ,120
 global_map,4.408064 ,140
 global_map,4.948096 ,160
 global_map,5.246912 ,180
 global_map,5.678272 ,200
 global_map,5.69504 ,220
 global_map,6.07424 ,240
 global_map,8.5888 ,260
 global_map,9.843712 ,280
 global_map,11.052352 ,300
 global_map,11.490752 ,320
 global_map,12.021184 ,340
 global_map,12.37408 ,360
 global_map,13.93568 ,380
 global_map,14.029568 ,400
 global_map,15.123008 ,420
 global_map,16.035072 ,440
 global_map,16.392576 ,460
 global_map,17.914176 ,480
 global_map,18.257728 ,500
 global_map,18.729728 ,520
 global_map,19.358208 ,540
 global_map,19.678336 ,560
 global_map,19.970944 ,580
 global_map,20.665536 ,600
 global_map,20.84224 ,620
 global_map,20.922816 ,640
 global_map,21.428672 ,660
 global_map,24.08864 ,680
 global_map,24.139584 ,700
 global_map,24.322304 ,720
 global_map,24.389568 ,740
 global_map,29.696256 ,760
 global_map,29.931712 ,780
 global_map,32.417088 ,800
 global_map,33.19904 ,820
 global_map,33.310464 ,840
 global_map,34.288768 ,860
 global_map,34.322496 ,880
 global_map,34.755968 ,900
 global_map,35.132672 ,920
 global_map,35.48544 ,940
 global_map,35.647488 ,960
 global_map,37.21408 ,980
 global_map,37.491904 ,1000
 global_map,39.093056 ,1020
 global_map,39.22432 ,1040
 global_map,39.756992 ,1060
 global_map,40.656128 ,1080
 global_map,44.091712 ,1100
 global_map,44.109056 ,1120
 global_map,44.307584 ,1140
 global_map,44.917824 ,1160
 global_map,44.962496 ,1180
 global_map,46.403584 ,1200
 global_map,46.518528 ,1220
 global_map,46.518528 ,1240
 global_map,47.024064 ,1260
 global_map,47.025664 ,1280
 global_map,47.025664 ,1300
 global_map,47.025664 ,1320
 global_map,47.02976 ,1340
 global_map,49.270912 ,1360
 global_map,49.289216 ,1380
 global_map,50.18752 ,1400
 global_map,50.18752 ,1420
 global_map,50.18752 ,1440
 global_map,50.18752 ,1460
 global_map,50.18752 ,1480
 The Test has finished on 2018-03-29 06:57:24 GMT time 

 ======================== 
 ======================== 
 
 
