
 
 
 ###################### 
 ###################### 

 This is the result of test on 2018-03-29 03:04:07 GMT time 

 global_map,0 ,0
 global_map,1.269632 ,20
 global_map,1.269632 ,40
 global_map,2.691008 ,60
 global_map,3.297536 ,80
 global_map,3.544128 ,100
 global_map,4.129216 ,120
 global_map,4.665536 ,140
 global_map,5.186432 ,160
 global_map,5.675584 ,180
 global_map,7.070144 ,200
 global_map,8.615744 ,220
 global_map,9.49536 ,240
 global_map,10.199424 ,260
 global_map,10.913088 ,280
 global_map,11.023232 ,300
 global_map,11.358144 ,320
 global_map,11.606592 ,340
 global_map,12.16896 ,360
 global_map,12.278464 ,380
 global_map,12.378176 ,400
 global_map,13.518336 ,420
 global_map,16.551168 ,440
 global_map,18.196608 ,460
 global_map,18.574528 ,480
 global_map,18.740416 ,500
 global_map,18.778432 ,520
 global_map,19.088704 ,540
 global_map,19.235328 ,560
 global_map,20.428288 ,580
 global_map,21.048896 ,600
 global_map,21.430272 ,620
 global_map,21.510464 ,640
 global_map,23.859392 ,660
 global_map,24.1488 ,680
 global_map,24.359424 ,700
 global_map,25.098176 ,720
 global_map,26.58464 ,740
 global_map,26.721984 ,760
 global_map,27.565696 ,780
 global_map,27.575488 ,800
 global_map,28.08608 ,820
 global_map,28.712576 ,840
 global_map,30.21696 ,860
 global_map,30.218944 ,880
 global_map,31.206784 ,900
 global_map,31.423488 ,920
 global_map,34.640384 ,940
 global_map,34.652928 ,960
 global_map,35.09312 ,980
 global_map,35.621184 ,1000
 global_map,36.631168 ,1020
 global_map,36.64384 ,1040
 global_map,36.65568 ,1060
 global_map,36.796672 ,1080
 global_map,36.846592 ,1100
 global_map,39.477888 ,1120
 global_map,42.186112 ,1140
 global_map,42.367424 ,1160
 global_map,42.624896 ,1180
 global_map,42.644672 ,1200
 global_map,42.98944 ,1220
 global_map,42.98944 ,1240
 global_map,43.031296 ,1260
 global_map,43.031616 ,1280
 global_map,43.041536 ,1300
 global_map,45.56736 ,1320
 global_map,45.591488 ,1340
 global_map,45.591552 ,1360
 global_map,45.596608 ,1380
 global_map,45.596608 ,1400
 global_map,45.596608 ,1420
 global_map,46.325952 ,1440
 global_map,46.367424 ,1460
 global_map,46.708352 ,1480
 The Test has finished on 2018-03-29 04:16:16 GMT time 

 ======================== 
 ======================== 
 
 
