
 
 
 ###################### 
 ###################### 

 This is the result of test on 2018-03-30 14:00:48 GMT time 

 global_map,0 ,0
 global_map,1.293952 ,20
 global_map,1.293952 ,40
 global_map,2.591104 ,60
 global_map,3.210112 ,80
 global_map,3.868032 ,100
 global_map,4.600768 ,120
 global_map,4.796928 ,140
 global_map,5.931712 ,160
 global_map,6.152576 ,180
 global_map,7.139456 ,200
 global_map,7.574016 ,220
 global_map,9.154688 ,240
 global_map,9.692032 ,260
 global_map,10.030464 ,280
 global_map,10.075264 ,300
 global_map,11.46624 ,320
 global_map,13.138176 ,340
 global_map,13.883648 ,360
 global_map,14.65664 ,380
 global_map,15.847488 ,400
 global_map,16.36992 ,420
 global_map,16.359296 ,440
 global_map,16.561536 ,460
 global_map,17.437696 ,480
 global_map,17.556864 ,500
 global_map,19.597696 ,520
 global_map,20.545088 ,540
 global_map,21.097408 ,560
 global_map,21.289472 ,580
 global_map,21.44448 ,600
 global_map,22.549376 ,620
 global_map,22.75328 ,640
 global_map,23.12992 ,660
 global_map,25.196032 ,680
 global_map,25.289344 ,700
 global_map,26.052736 ,720
 global_map,26.296832 ,740
 global_map,26.712704 ,760
 global_map,29.006144 ,780
 global_map,29.805696 ,800
 global_map,30.023104 ,820
 global_map,31.362048 ,840
 global_map,32.06816 ,860
 global_map,32.11712 ,880
 global_map,32.442304 ,900
 global_map,32.505728 ,920
 global_map,32.556672 ,940
 global_map,33.085568 ,960
 global_map,33.171584 ,980
 global_map,33.18016 ,1000
 global_map,33.208064 ,1020
 global_map,33.309824 ,1040
 global_map,33.550208 ,1060
 global_map,34.407168 ,1080
 global_map,34.407744 ,1100
 global_map,35.749056 ,1120
 global_map,35.751616 ,1140
 global_map,35.986624 ,1160
 global_map,35.987008 ,1180
 global_map,36.014976 ,1200
 global_map,36.017792 ,1220
 global_map,36.022848 ,1240
 global_map,36.023232 ,1260
 global_map,36.023232 ,1280
 global_map,36.041408 ,1300
 global_map,36.043328 ,1320
 global_map,36.050176 ,1340
 global_map,36.177152 ,1360
 global_map,36.199744 ,1380
 global_map,36.199744 ,1400
 global_map,37.932672 ,1420
 global_map,37.945536 ,1440
 global_map,38.604608 ,1460
 global_map,38.627904 ,1480
 The Test has finished on 2018-03-30 15:07:49 GMT time 

 ======================== 
 ======================== 
 
 
