
 
 
 ###################### 
 ###################### 

 This is the result of test on 2018-03-29 07:00:07 GMT time 

 global_map,0 ,0
 global_map,1.276544 ,20
 global_map,1.276544 ,40
 global_map,2.373888 ,60
 global_map,3.256256 ,80
 global_map,3.39392 ,100
 global_map,3.934144 ,120
 global_map,4.329408 ,140
 global_map,4.93632 ,160
 global_map,5.82336 ,180
 global_map,6.595392 ,200
 global_map,6.984448 ,220
 global_map,7.7504 ,240
 global_map,8.945088 ,260
 global_map,9.396608 ,280
 global_map,10.331904 ,300
 global_map,10.366144 ,320
 global_map,11.085248 ,340
 global_map,11.10688 ,360
 global_map,12.143296 ,380
 global_map,14.133824 ,400
 global_map,15.097088 ,420
 global_map,15.481984 ,440
 global_map,15.486848 ,460
 global_map,15.664512 ,480
 global_map,15.664512 ,500
 global_map,15.867264 ,520
 global_map,16.247936 ,540
 global_map,18.520064 ,560
 global_map,18.844992 ,580
 global_map,19.091712 ,600
 global_map,21.0288 ,620
 global_map,21.599104 ,640
 global_map,21.611968 ,660
 global_map,23.046976 ,680
 global_map,23.047104 ,700
 global_map,23.3424 ,720
 global_map,23.346752 ,740
 global_map,23.420224 ,760
 global_map,23.608896 ,780
 global_map,23.656384 ,800
 global_map,23.656384 ,820
 global_map,23.657344 ,840
 global_map,23.659328 ,860
 global_map,25.607552 ,880
 global_map,25.627008 ,900
 global_map,26.0496 ,920
 global_map,26.26144 ,940
 global_map,28.043008 ,960
 global_map,28.106048 ,980
 global_map,28.110464 ,1000
 global_map,28.173504 ,1020
 global_map,28.75904 ,1040
 global_map,30.024256 ,1060
 global_map,30.082112 ,1080
 global_map,30.234112 ,1100
 global_map,30.24992 ,1120
 global_map,30.490368 ,1140
 global_map,30.509824 ,1160
 global_map,30.606912 ,1180
 global_map,30.61472 ,1200
 global_map,31.817792 ,1220
 global_map,31.8256 ,1240
 global_map,31.877888 ,1260
 global_map,34.236928 ,1280
 global_map,34.630208 ,1300
 global_map,34.630464 ,1320
 global_map,34.631424 ,1340
 global_map,34.631424 ,1360
 global_map,34.632896 ,1380
 global_map,34.664896 ,1400
 global_map,35.000064 ,1420
 global_map,35.262848 ,1440
 global_map,35.243392 ,1460
 global_map,35.243392 ,1480
 The Test has finished on 2018-03-29 07:56:08 GMT time 

 ======================== 
 ======================== 
 
 
