
 
 
 ###################### 
 ###################### 

 This is the result of test on 2018-03-31 07:54:12 GMT time 

 global_map,0 ,0
 global_map,1.28736 ,20
 global_map,1.28736 ,40
 global_map,2.8208 ,60
 global_map,3.528256 ,80
 global_map,3.680576 ,100
 global_map,4.24256 ,120
 global_map,4.985664 ,140
 global_map,5.9696 ,160
 global_map,7.304704 ,180
 global_map,8.290432 ,200
 global_map,10.061824 ,220
 global_map,10.491008 ,240
 global_map,11.116992 ,260
 global_map,13.154752 ,280
 global_map,13.307712 ,300
 global_map,15.358912 ,320
 global_map,15.55456 ,340
 global_map,16.29024 ,360
 global_map,16.93376 ,380
 global_map,16.932736 ,400
 global_map,18.441408 ,420
 global_map,19.677184 ,440
 global_map,20.527936 ,460
 global_map,21.542912 ,480
 global_map,21.87968 ,500
 global_map,21.911936 ,520
 global_map,22.581824 ,540
 global_map,22.6032 ,560
 global_map,25.438528 ,580
 global_map,25.519872 ,600
 global_map,27.016064 ,620
 global_map,27.720832 ,640
 global_map,29.987456 ,660
 global_map,29.962048 ,680
 global_map,30.415168 ,700
 global_map,30.676096 ,720
 global_map,32.810752 ,740
 global_map,33.194944 ,760
 global_map,33.209152 ,780
 global_map,34.30464 ,800
 global_map,34.705152 ,820
 global_map,34.730752 ,840
 global_map,35.209536 ,860
 global_map,35.209536 ,880
 global_map,35.700032 ,900
 global_map,36.359744 ,920
 global_map,36.360256 ,940
 global_map,37.395968 ,960
 global_map,37.39776 ,980
 global_map,39.251072 ,1000
 global_map,39.32544 ,1020
 global_map,40.076352 ,1040
 global_map,40.861184 ,1060
 global_map,41.056512 ,1080
 global_map,41.059968 ,1100
 global_map,42.180864 ,1120
 global_map,42.988096 ,1140
 global_map,43.0 ,1160
 global_map,43.020992 ,1180
 global_map,43.029824 ,1200
 global_map,43.04288 ,1220
 global_map,43.076224 ,1240
 global_map,43.076352 ,1260
 global_map,43.090368 ,1280
 global_map,43.090368 ,1300
 global_map,44.429184 ,1320
 global_map,44.434944 ,1340
 global_map,44.455936 ,1360
 global_map,44.455936 ,1380
 global_map,44.456384 ,1400
 global_map,44.472512 ,1420
 global_map,44.573632 ,1440
 global_map,44.767488 ,1460
 global_map,44.767552 ,1480
 The Test has finished on 2018-03-31 09:07:09 GMT time 

 ======================== 
 ======================== 
 
 
