
 
 
 ###################### 
 ###################### 

 This is the result of test on 2018-03-29 21:30:06 GMT time 

 global_map,0 ,0
 global_map,1.26976 ,20
 global_map,1.26976 ,40
 global_map,2.641664 ,60
 global_map,2.94912 ,80
 global_map,3.178624 ,100
 global_map,3.962624 ,120
 global_map,4.308288 ,140
 global_map,5.127872 ,160
 global_map,5.905792 ,180
 global_map,6.697856 ,200
 global_map,7.74848 ,220
 global_map,7.89632 ,240
 global_map,8.24416 ,260
 global_map,9.30304 ,280
 global_map,11.375296 ,300
 global_map,11.711104 ,320
 global_map,12.118144 ,340
 global_map,12.13344 ,360
 global_map,14.71712 ,380
 global_map,14.897984 ,400
 global_map,15.998848 ,420
 global_map,16.215488 ,440
 global_map,16.772736 ,460
 global_map,18.372224 ,480
 global_map,18.392448 ,500
 global_map,18.533184 ,520
 global_map,19.604864 ,540
 global_map,19.783296 ,560
 global_map,21.754496 ,580
 global_map,22.099456 ,600
 global_map,22.437952 ,620
 global_map,22.453952 ,640
 global_map,22.879168 ,660
 global_map,25.052224 ,680
 global_map,25.073152 ,700
 global_map,25.136 ,720
 global_map,25.2976 ,740
 global_map,27.704192 ,760
 global_map,32.253952 ,780
 global_map,32.33248 ,800
 global_map,32.429696 ,820
 global_map,32.439104 ,840
 global_map,32.439104 ,860
 global_map,32.615488 ,880
 global_map,32.621632 ,900
 global_map,32.621632 ,920
 global_map,32.6256 ,940
 global_map,32.877184 ,960
 global_map,38.282496 ,980
 global_map,38.27776 ,1000
 global_map,39.255744 ,1020
 global_map,39.321152 ,1040
 global_map,39.7424 ,1060
 global_map,39.786624 ,1080
 global_map,39.820224 ,1100
 global_map,39.821952 ,1120
 global_map,39.822656 ,1140
 global_map,43.032 ,1160
 global_map,43.567168 ,1180
 global_map,43.913408 ,1200
 global_map,43.919936 ,1220
 global_map,44.610112 ,1240
 global_map,44.730816 ,1260
 global_map,44.750592 ,1280
 global_map,46.758272 ,1300
 global_map,46.758272 ,1320
 global_map,46.758912 ,1340
 global_map,46.790912 ,1360
 global_map,47.406848 ,1380
 global_map,47.42432 ,1400
 global_map,47.812224 ,1420
 global_map,47.837504 ,1440
 global_map,47.869568 ,1460
 global_map,48.332032 ,1480
 The Test has finished on 2018-03-29 22:30:27 GMT time 

 ======================== 
 ======================== 
 
 
