
 
 
 ###################### 
 ###################### 

 This is the result of test on 2018-03-28 09:53:29 GMT time 

 global_map,0 ,0
 global_map,1.272768 ,20
 global_map,1.272768 ,40
 global_map,2.792576 ,60
 global_map,3.28384 ,80
 global_map,3.49856 ,100
 global_map,4.645696 ,120
 global_map,5.377664 ,140
 global_map,6.25568 ,160
 global_map,6.998208 ,180
 global_map,7.432704 ,200
 global_map,8.36736 ,220
 global_map,8.768576 ,240
 global_map,9.037952 ,260
 global_map,11.127232 ,280
 global_map,11.852352 ,300
 global_map,11.92768 ,320
 global_map,12.498432 ,340
 global_map,12.712 ,360
 global_map,15.976256 ,380
 global_map,16.020352 ,400
 global_map,17.052224 ,420
 global_map,17.482112 ,440
 global_map,19.07808 ,460
 global_map,19.077184 ,480
 global_map,19.077184 ,500
 global_map,20.0112 ,520
 global_map,20.717504 ,540
 global_map,22.192704 ,560
 global_map,22.91552 ,580
 global_map,23.010368 ,600
 global_map,23.038592 ,620
 global_map,23.43584 ,640
 global_map,23.580864 ,660
 global_map,23.98464 ,680
 global_map,24.76 ,700
 global_map,24.919488 ,720
 global_map,25.088064 ,740
 global_map,25.161472 ,760
 global_map,26.396672 ,780
 global_map,27.30624 ,800
 global_map,28.323328 ,820
 global_map,28.894272 ,840
 global_map,28.923136 ,860
 global_map,29.168704 ,880
 global_map,30.89472 ,900
 global_map,32.299072 ,920
 global_map,32.45408 ,940
 global_map,32.926272 ,960
 global_map,34.447424 ,980
 global_map,34.736768 ,1000
 global_map,35.448192 ,1020
 global_map,37.565632 ,1040
 global_map,37.552704 ,1060
 global_map,38.888384 ,1080
 global_map,39.078592 ,1100
 global_map,39.081024 ,1120
 global_map,39.890624 ,1140
 global_map,39.996864 ,1160
 global_map,40.158272 ,1180
 global_map,40.674432 ,1200
 global_map,40.748032 ,1220
 global_map,41.617088 ,1240
 global_map,42.288832 ,1260
 global_map,42.292992 ,1280
 global_map,42.39808 ,1300
 global_map,43.496256 ,1320
 global_map,43.504384 ,1340
 global_map,44.268352 ,1360
 global_map,44.511296 ,1380
 global_map,44.800832 ,1400
 global_map,44.800832 ,1420
 global_map,44.800832 ,1440
 global_map,44.815168 ,1460
 global_map,44.86144 ,1480
 The Test has finished on 2018-03-28 11:02:40 GMT time 

 ======================== 
 ======================== 
 
 
