
 
 
 ###################### 
 ###################### 

 This is the result of test on 2018-03-30 06:47:20 GMT time 

 global_map,0 ,0
 global_map,1.257216 ,20
 global_map,1.257216 ,40
 global_map,3.065536 ,60
 global_map,3.302592 ,80
 global_map,3.688768 ,100
 global_map,4.101568 ,120
 global_map,4.203264 ,140
 global_map,4.40288 ,160
 global_map,5.116288 ,180
 global_map,5.78336 ,200
 global_map,5.928704 ,220
 global_map,6.327424 ,240
 global_map,8.365376 ,260
 global_map,8.789376 ,280
 global_map,9.088768 ,300
 global_map,10.074688 ,320
 global_map,10.414016 ,340
 global_map,10.671488 ,360
 global_map,11.590528 ,380
 global_map,12.217728 ,400
 global_map,12.267264 ,420
 global_map,13.704896 ,440
 global_map,13.726336 ,460
 global_map,14.975168 ,480
 global_map,15.677056 ,500
 global_map,16.063872 ,520
 global_map,17.109632 ,540
 global_map,18.753728 ,560
 global_map,19.99264 ,580
 global_map,20.402368 ,600
 global_map,20.451456 ,620
 global_map,23.164864 ,640
 global_map,23.346688 ,660
 global_map,24.561344 ,680
 global_map,24.643264 ,700
 global_map,25.870272 ,720
 global_map,26.933632 ,740
 global_map,27.342656 ,760
 global_map,28.979712 ,780
 global_map,30.079232 ,800
 global_map,30.088576 ,820
 global_map,32.183936 ,840
 global_map,32.358016 ,860
 global_map,32.418816 ,880
 global_map,32.43328 ,900
 global_map,32.95264 ,920
 global_map,32.955968 ,940
 global_map,33.366912 ,960
 global_map,36.886208 ,980
 global_map,37.418368 ,1000
 global_map,38.070464 ,1020
 global_map,40.902464 ,1040
 global_map,41.815808 ,1060
 global_map,42.236416 ,1080
 global_map,42.24736 ,1100
 global_map,43.111872 ,1120
 global_map,43.882816 ,1140
 global_map,45.128 ,1160
 global_map,45.246016 ,1180
 global_map,45.322624 ,1200
 global_map,45.470976 ,1220
 global_map,45.838464 ,1240
 global_map,45.844224 ,1260
 global_map,48.549568 ,1280
 global_map,48.60672 ,1300
 global_map,48.606784 ,1320
 global_map,52.600384 ,1340
 global_map,52.634112 ,1360
 global_map,52.713664 ,1380
 global_map,55.210048 ,1400
 global_map,55.24 ,1420
 global_map,55.413632 ,1440
 global_map,55.413632 ,1460
 global_map,56.380032 ,1480
 The Test has finished on 2018-03-30 08:00:12 GMT time 

 ======================== 
 ======================== 
 
 
