
 
 
 ###################### 
 ###################### 

 This is the result of test on 2018-03-30 12:36:05 GMT time 

 global_map,0 ,0
 global_map,1.27168 ,20
 global_map,1.27168 ,40
 global_map,2.693632 ,60
 global_map,2.893888 ,80
 global_map,3.641728 ,100
 global_map,4.44672 ,120
 global_map,5.313856 ,140
 global_map,5.871424 ,160
 global_map,6.966592 ,180
 global_map,8.253312 ,200
 global_map,9.016064 ,220
 global_map,9.270144 ,240
 global_map,11.674496 ,260
 global_map,11.829312 ,280
 global_map,13.184256 ,300
 global_map,13.713088 ,320
 global_map,15.089664 ,340
 global_map,15.7536 ,360
 global_map,15.984192 ,380
 global_map,17.310464 ,400
 global_map,18.043968 ,420
 global_map,18.783936 ,440
 global_map,20.973056 ,460
 global_map,21.13664 ,480
 global_map,22.820544 ,500
 global_map,23.091456 ,520
 global_map,23.19648 ,540
 global_map,25.64096 ,560
 global_map,25.649728 ,580
 global_map,25.970432 ,600
 global_map,26.319936 ,620
 global_map,29.114944 ,640
 global_map,29.299456 ,660
 global_map,29.612288 ,680
 global_map,31.863552 ,700
 global_map,31.910144 ,720
 global_map,32.228544 ,740
 global_map,32.887552 ,760
 global_map,32.98688 ,780
 global_map,33.943296 ,800
 global_map,34.16 ,820
 global_map,34.282112 ,840
 global_map,35.895232 ,860
 global_map,36.082304 ,880
 global_map,36.55456 ,900
 global_map,36.579264 ,920
 global_map,40.020288 ,940
 global_map,40.093312 ,960
 global_map,42.479168 ,980
 global_map,42.5008 ,1000
 global_map,42.608832 ,1020
 global_map,42.610496 ,1040
 global_map,42.614976 ,1060
 global_map,43.07808 ,1080
 global_map,43.07808 ,1100
 global_map,46.198976 ,1120
 global_map,46.198976 ,1140
 global_map,46.205312 ,1160
 global_map,47.018176 ,1180
 global_map,47.051008 ,1200
 global_map,47.563584 ,1220
 global_map,51.186944 ,1240
 global_map,51.194048 ,1260
 global_map,51.637824 ,1280
 global_map,52.025088 ,1300
 global_map,52.028032 ,1320
 global_map,52.018368 ,1340
 global_map,52.606784 ,1360
 global_map,52.606784 ,1380
 global_map,52.987072 ,1400
 global_map,53.000064 ,1420
 global_map,53.000064 ,1440
 global_map,53.00032 ,1460
 global_map,53.001792 ,1480
 The Test has finished on 2018-03-30 13:58:43 GMT time 

 ======================== 
 ======================== 
 
 
