
 
 
 ###################### 
 ###################### 

 This is the result of test on 2018-03-29 09:18:21 GMT time 

 global_map,0 ,0
 global_map,1.257216 ,20
 global_map,1.257216 ,40
 global_map,2.531008 ,60
 global_map,3.072512 ,80
 global_map,3.227648 ,100
 global_map,3.718464 ,120
 global_map,4.426432 ,140
 global_map,5.278272 ,160
 global_map,5.555264 ,180
 global_map,5.592768 ,200
 global_map,5.877184 ,220
 global_map,6.83616 ,240
 global_map,7.177216 ,260
 global_map,7.826496 ,280
 global_map,9.305728 ,300
 global_map,10.626816 ,320
 global_map,10.697344 ,340
 global_map,11.030784 ,360
 global_map,11.964864 ,380
 global_map,12.355072 ,400
 global_map,12.435392 ,420
 global_map,13.195968 ,440
 global_map,13.474624 ,460
 global_map,16.027456 ,480
 global_map,16.06272 ,500
 global_map,16.26816 ,520
 global_map,16.527296 ,540
 global_map,16.688 ,560
 global_map,16.992064 ,580
 global_map,17.097088 ,600
 global_map,19.442368 ,620
 global_map,20.685888 ,640
 global_map,22.238208 ,660
 global_map,22.238144 ,680
 global_map,22.238144 ,700
 global_map,22.238208 ,720
 global_map,22.238208 ,740
 global_map,25.413312 ,760
 global_map,25.4848 ,780
 global_map,28.1072 ,800
 global_map,28.268032 ,820
 global_map,28.190016 ,840
 global_map,32.21184 ,860
 global_map,32.334848 ,880
 global_map,32.46432 ,900
 global_map,33.075328 ,920
 global_map,33.093888 ,940
 global_map,33.11872 ,960
 global_map,33.623552 ,980
 global_map,33.633664 ,1000
 global_map,33.804032 ,1020
 global_map,33.933824 ,1040
 global_map,33.933824 ,1060
 global_map,34.462016 ,1080
 global_map,34.47296 ,1100
 global_map,36.727936 ,1120
 global_map,36.727936 ,1140
 global_map,36.727936 ,1160
 global_map,38.259904 ,1180
 global_map,38.711552 ,1200
 global_map,38.730496 ,1220
 global_map,41.621568 ,1240
 global_map,42.133184 ,1260
 global_map,42.145728 ,1280
 global_map,43.805376 ,1300
 global_map,43.874304 ,1320
 global_map,43.998016 ,1340
 global_map,44.586304 ,1360
 global_map,44.599104 ,1380
 global_map,44.631616 ,1400
 global_map,45.320576 ,1420
 global_map,45.33568 ,1440
 global_map,46.30176 ,1460
 global_map,46.30176 ,1480
 The Test has finished on 2018-03-29 10:19:13 GMT time 

 ======================== 
 ======================== 
 
 
