
 
 
 ###################### 
 ###################### 

 This is the result of test on 2018-03-30 20:24:33 GMT time 

 global_map,0 ,0
 global_map,1.277504 ,20
 global_map,1.277504 ,40
 global_map,2.48864 ,60
 global_map,2.812224 ,80
 global_map,2.836096 ,100
 global_map,3.160832 ,120
 global_map,4.217664 ,140
 global_map,5.029504 ,160
 global_map,5.350336 ,180
 global_map,5.92288 ,200
 global_map,6.28896 ,220
 global_map,7.9584 ,240
 global_map,8.040768 ,260
 global_map,9.44928 ,280
 global_map,9.795968 ,300
 global_map,9.772416 ,320
 global_map,11.398336 ,340
 global_map,11.685376 ,360
 global_map,12.35712 ,380
 global_map,14.290688 ,400
 global_map,15.258368 ,420
 global_map,15.71552 ,440
 global_map,15.718208 ,460
 global_map,17.507904 ,480
 global_map,19.515968 ,500
 global_map,19.529856 ,520
 global_map,19.96896 ,540
 global_map,19.973184 ,560
 global_map,21.602496 ,580
 global_map,22.16384 ,600
 global_map,23.539008 ,620
 global_map,23.924096 ,640
 global_map,24.255488 ,660
 global_map,24.260544 ,680
 global_map,26.916672 ,700
 global_map,27.110656 ,720
 global_map,27.378432 ,740
 global_map,27.412736 ,760
 global_map,27.476928 ,780
 global_map,27.751296 ,800
 global_map,27.751296 ,820
 global_map,28.12064 ,840
 global_map,28.183168 ,860
 global_map,30.516096 ,880
 global_map,32.326464 ,900
 global_map,33.550976 ,920
 global_map,33.588544 ,940
 global_map,33.606016 ,960
 global_map,34.866304 ,980
 global_map,35.202368 ,1000
 global_map,36.29312 ,1020
 global_map,36.30592 ,1040
 global_map,38.859328 ,1060
 global_map,39.12736 ,1080
 global_map,39.283776 ,1100
 global_map,39.647808 ,1120
 global_map,39.679616 ,1140
 global_map,40.243008 ,1160
 global_map,41.036352 ,1180
 global_map,41.158592 ,1200
 global_map,41.178048 ,1220
 global_map,41.186688 ,1240
 global_map,41.186688 ,1260
 global_map,41.186816 ,1280
 global_map,42.04064 ,1300
 global_map,42.327104 ,1320
 global_map,42.341376 ,1340
 global_map,42.341376 ,1360
 global_map,42.346176 ,1380
 global_map,42.488064 ,1400
 global_map,42.557184 ,1420
 global_map,43.107776 ,1440
 global_map,43.795456 ,1460
 global_map,43.83296 ,1480
 The Test has finished on 2018-03-31 04:39:01 GMT time 

 ======================== 
 ======================== 
 
 
