
 
 
 ###################### 
 ###################### 

 This is the result of test on 2018-03-30 08:07:27 GMT time 

 global_map,0 ,0
 global_map,1.320832 ,20
 global_map,1.320832 ,40
 global_map,2.726848 ,60
 global_map,3.965824 ,80
 global_map,4.254464 ,100
 global_map,4.90752 ,120
 global_map,5.880128 ,140
 global_map,6.362688 ,160
 global_map,7.879232 ,180
 global_map,8.340672 ,200
 global_map,9.439872 ,220
 global_map,11.135744 ,240
 global_map,12.406528 ,260
 global_map,13.697344 ,280
 global_map,13.99424 ,300
 global_map,14.462784 ,320
 global_map,17.41728 ,340
 global_map,18.608384 ,360
 global_map,18.764736 ,380
 global_map,20.128896 ,400
 global_map,20.422336 ,420
 global_map,20.469696 ,440
 global_map,21.171072 ,460
 global_map,21.25728 ,480
 global_map,21.563392 ,500
 global_map,21.710144 ,520
 global_map,22.018432 ,540
 global_map,23.833408 ,560
 global_map,27.608448 ,580
 global_map,28.101376 ,600
 global_map,28.185856 ,620
 global_map,28.571648 ,640
 global_map,30.126464 ,660
 global_map,31.740032 ,680
 global_map,32.625536 ,700
 global_map,32.858432 ,720
 global_map,34.157056 ,740
 global_map,35.648 ,760
 global_map,36.567104 ,780
 global_map,37.904704 ,800
 global_map,38.605248 ,820
 global_map,38.605248 ,840
 global_map,38.605248 ,860
 global_map,39.338176 ,880
 global_map,39.424512 ,900
 global_map,43.60672 ,920
 global_map,43.634752 ,940
 global_map,44.521984 ,960
 global_map,44.52768 ,980
 global_map,44.853824 ,1000
 global_map,45.339776 ,1020
 global_map,45.571136 ,1040
 global_map,45.650048 ,1060
 global_map,45.670784 ,1080
 global_map,45.87744 ,1100
 global_map,45.88096 ,1120
 global_map,45.918016 ,1140
 global_map,45.996736 ,1160
 global_map,45.99744 ,1180
 global_map,46.006208 ,1200
 global_map,46.009024 ,1220
 global_map,46.009856 ,1240
 global_map,50.58272 ,1260
 global_map,52.866496 ,1280
 global_map,52.94592 ,1300
 global_map,53.064448 ,1320
 global_map,53.068288 ,1340
 global_map,53.583488 ,1360
 global_map,53.583488 ,1380
 global_map,55.071616 ,1400
 global_map,56.28736 ,1420
 global_map,56.348544 ,1440
 global_map,56.348736 ,1460
 global_map,56.40096 ,1480
 The Test has finished on 2018-03-30 09:28:31 GMT time 

 ======================== 
 ======================== 
 
 
