
 
 
 ###################### 
 ###################### 

 This is the result of test on 2018-03-29 07:58:02 GMT time 

 global_map,0 ,0
 global_map,1.26976 ,20
 global_map,1.26976 ,40
 global_map,2.309376 ,60
 global_map,3.34592 ,80
 global_map,3.461952 ,100
 global_map,4.537984 ,120
 global_map,5.044224 ,140
 global_map,5.198464 ,160
 global_map,6.14272 ,180
 global_map,6.74784 ,200
 global_map,6.84992 ,220
 global_map,6.860288 ,240
 global_map,7.446464 ,260
 global_map,10.543936 ,280
 global_map,10.726784 ,300
 global_map,10.73248 ,320
 global_map,11.884928 ,340
 global_map,12.038656 ,360
 global_map,12.499328 ,380
 global_map,12.576576 ,400
 global_map,14.298944 ,420
 global_map,14.68704 ,440
 global_map,15.477568 ,460
 global_map,16.680384 ,480
 global_map,16.769472 ,500
 global_map,17.221888 ,520
 global_map,18.27584 ,540
 global_map,18.743168 ,560
 global_map,19.348352 ,580
 global_map,19.759168 ,600
 global_map,20.232256 ,620
 global_map,22.224384 ,640
 global_map,22.665152 ,660
 global_map,22.687104 ,680
 global_map,24.88832 ,700
 global_map,24.9776 ,720
 global_map,25.573184 ,740
 global_map,26.264832 ,760
 global_map,26.394112 ,780
 global_map,26.941568 ,800
 global_map,27.314304 ,820
 global_map,28.235072 ,840
 global_map,28.332416 ,860
 global_map,29.709888 ,880
 global_map,29.862976 ,900
 global_map,29.862976 ,920
 global_map,30.290176 ,940
 global_map,30.290176 ,960
 global_map,30.46272 ,980
 global_map,30.534848 ,1000
 global_map,32.061184 ,1020
 global_map,32.09024 ,1040
 global_map,36.188672 ,1060
 global_map,36.543104 ,1080
 global_map,36.549184 ,1100
 global_map,36.564736 ,1120
 global_map,37.031936 ,1140
 global_map,40.072384 ,1160
 global_map,40.364096 ,1180
 global_map,41.242688 ,1200
 global_map,41.286464 ,1220
 global_map,41.797696 ,1240
 global_map,42.552832 ,1260
 global_map,43.558464 ,1280
 global_map,44.27008 ,1300
 global_map,44.291072 ,1320
 global_map,45.640512 ,1340
 global_map,45.715968 ,1360
 global_map,45.715968 ,1380
 global_map,46.007424 ,1400
 global_map,46.029824 ,1420
 global_map,46.155072 ,1440
 global_map,46.157568 ,1460
 global_map,46.15936 ,1480
 The Test has finished on 2018-03-29 09:16:42 GMT time 

 ======================== 
 ======================== 
 
 
