
 
 
 ###################### 
 ###################### 

 This is the result of test on 2018-03-28 13:32:18 GMT time 

 global_map,0 ,0
 global_map,1.272384 ,20
 global_map,1.272384 ,40
 global_map,2.658176 ,60
 global_map,3.303296 ,80
 global_map,3.57472 ,100
 global_map,4.443776 ,120
 global_map,4.8112 ,140
 global_map,5.143488 ,160
 global_map,6.299008 ,180
 global_map,7.428096 ,200
 global_map,8.211008 ,220
 global_map,9.193024 ,240
 global_map,10.09536 ,260
 global_map,10.607808 ,280
 global_map,11.256576 ,300
 global_map,11.818048 ,320
 global_map,14.427328 ,340
 global_map,15.65536 ,360
 global_map,16.139008 ,380
 global_map,18.263936 ,400
 global_map,18.9664 ,420
 global_map,19.653376 ,440
 global_map,22.311808 ,460
 global_map,23.011328 ,480
 global_map,23.817024 ,500
 global_map,24.62144 ,520
 global_map,25.004864 ,540
 global_map,27.44224 ,560
 global_map,27.61696 ,580
 global_map,27.785216 ,600
 global_map,27.918272 ,620
 global_map,27.923776 ,640
 global_map,27.936 ,660
 global_map,27.992896 ,680
 global_map,28.007808 ,700
 global_map,29.55232 ,720
 global_map,29.958016 ,740
 global_map,30.28736 ,760
 global_map,30.27168 ,780
 global_map,30.376576 ,800
 global_map,30.395136 ,820
 global_map,30.443648 ,840
 global_map,30.45024 ,860
 global_map,30.455616 ,880
 global_map,30.470528 ,900
 global_map,30.476928 ,920
 global_map,30.4896 ,940
 global_map,30.754496 ,960
 global_map,30.760384 ,980
 global_map,30.776128 ,1000
 global_map,36.7824 ,1020
 global_map,37.794112 ,1040
 global_map,37.80096 ,1060
 global_map,38.932608 ,1080
 global_map,39.17216 ,1100
 global_map,39.32896 ,1120
 global_map,39.970752 ,1140
 global_map,40.40736 ,1160
 global_map,40.60736 ,1180
 global_map,40.812864 ,1200
 global_map,41.214016 ,1220
 global_map,42.533824 ,1240
 global_map,42.59808 ,1260
 global_map,42.621888 ,1280
 global_map,43.66496 ,1300
 global_map,43.688896 ,1320
 global_map,44.185664 ,1340
 global_map,45.822144 ,1360
 global_map,45.902016 ,1380
 global_map,46.081408 ,1400
 global_map,46.081408 ,1420
 global_map,53.42496 ,1440
 global_map,53.647296 ,1460
 global_map,53.648576 ,1480
 The Test has finished on 2018-03-28 15:35:49 GMT time 

 ======================== 
 ======================== 
 
 
