
 
 
 ###################### 
 ###################### 

 This is the result of test on 2018-03-30 09:30:44 GMT time 

 global_map,0 ,0
 global_map,1.288448 ,20
 global_map,1.288448 ,40
 global_map,2.600256 ,60
 global_map,2.9104 ,80
 global_map,3.035136 ,100
 global_map,3.58976 ,120
 global_map,3.698304 ,140
 global_map,4.681344 ,160
 global_map,6.704384 ,180
 global_map,8.305472 ,200
 global_map,9.32448 ,220
 global_map,10.75008 ,240
 global_map,11.891904 ,260
 global_map,12.58208 ,280
 global_map,13.956608 ,300
 global_map,13.856448 ,320
 global_map,16.645312 ,340
 global_map,16.69344 ,360
 global_map,17.43808 ,380
 global_map,17.481216 ,400
 global_map,19.845376 ,420
 global_map,21.13088 ,440
 global_map,21.23264 ,460
 global_map,22.747904 ,480
 global_map,23.6992 ,500
 global_map,25.959552 ,520
 global_map,26.630336 ,540
 global_map,28.425216 ,560
 global_map,28.724096 ,580
 global_map,29.200512 ,600
 global_map,29.304896 ,620
 global_map,29.53312 ,640
 global_map,30.9584 ,660
 global_map,31.946304 ,680
 global_map,33.41152 ,700
 global_map,33.628224 ,720
 global_map,35.79072 ,740
 global_map,35.813696 ,760
 global_map,35.93216 ,780
 global_map,38.990144 ,800
 global_map,38.992384 ,820
 global_map,39.316224 ,840
 global_map,39.409216 ,860
 global_map,39.425728 ,880
 global_map,39.481792 ,900
 global_map,40.546048 ,920
 global_map,40.54624 ,940
 global_map,40.546944 ,960
 global_map,40.6064 ,980
 global_map,41.050176 ,1000
 global_map,41.630592 ,1020
 global_map,41.633984 ,1040
 global_map,41.686464 ,1060
 global_map,45.389824 ,1080
 global_map,45.66944 ,1100
 global_map,45.779648 ,1120
 global_map,46.57504 ,1140
 global_map,47.431808 ,1160
 global_map,47.431808 ,1180
 global_map,47.506176 ,1200
 global_map,47.81184 ,1220
 global_map,48.726656 ,1240
 global_map,48.726464 ,1260
 global_map,48.896704 ,1280
 global_map,48.983232 ,1300
 global_map,49.85184 ,1320
 global_map,49.86624 ,1340
 global_map,50.19168 ,1360
 global_map,49.533184 ,1380
 global_map,49.687168 ,1400
 global_map,49.805504 ,1420
 global_map,49.805504 ,1440
 global_map,49.829568 ,1460
 global_map,50.51712 ,1480
 The Test has finished on 2018-03-30 10:50:47 GMT time 

 ======================== 
 ======================== 
 
 
