
 
 
 ###################### 
 ###################### 

 This is the result of test on 2018-03-29 04:24:38 GMT time 

 global_map,0 ,0
 global_map,1.257216 ,20
 global_map,1.257216 ,40
 global_map,2.43456 ,60
 global_map,2.87552 ,80
 global_map,3.248704 ,100
 global_map,3.47488 ,120
 global_map,3.763072 ,140
 global_map,5.201728 ,160
 global_map,5.560576 ,180
 global_map,6.042752 ,200
 global_map,6.54784 ,220
 global_map,7.541568 ,240
 global_map,8.330944 ,260
 global_map,9.335296 ,280
 global_map,11.070592 ,300
 global_map,11.532928 ,320
 global_map,13.105024 ,340
 global_map,13.115712 ,360
 global_map,13.566976 ,380
 global_map,14.48544 ,400
 global_map,15.083712 ,420
 global_map,15.77472 ,440
 global_map,17.115968 ,460
 global_map,19.021888 ,480
 global_map,19.021952 ,500
 global_map,19.410688 ,520
 global_map,19.240832 ,540
 global_map,20.360576 ,560
 global_map,22.718272 ,580
 global_map,23.81952 ,600
 global_map,24.346432 ,620
 global_map,24.45024 ,640
 global_map,25.266304 ,660
 global_map,26.695936 ,680
 global_map,26.77856 ,700
 global_map,26.894528 ,720
 global_map,26.913472 ,740
 global_map,26.913472 ,760
 global_map,26.942272 ,780
 global_map,26.952256 ,800
 global_map,26.96448 ,820
 global_map,29.515136 ,840
 global_map,29.529216 ,860
 global_map,32.26848 ,880
 global_map,32.286912 ,900
 global_map,32.806272 ,920
 global_map,32.827072 ,940
 global_map,33.07296 ,960
 global_map,33.104768 ,980
 global_map,33.707968 ,1000
 global_map,34.034176 ,1020
 global_map,34.1584 ,1040
 global_map,34.293504 ,1060
 global_map,34.30272 ,1080
 global_map,34.317312 ,1100
 global_map,34.33344 ,1120
 global_map,34.33344 ,1140
 global_map,34.769408 ,1160
 global_map,34.966272 ,1180
 global_map,34.967744 ,1200
 global_map,34.96992 ,1220
 global_map,34.975808 ,1240
 global_map,34.997504 ,1260
 global_map,35.029888 ,1280
 global_map,36.646592 ,1300
 global_map,36.658368 ,1320
 global_map,36.69344 ,1340
 global_map,36.695424 ,1360
 global_map,36.697472 ,1380
 global_map,36.70944 ,1400
 global_map,36.721344 ,1420
 global_map,36.720832 ,1440
 global_map,36.722176 ,1460
 global_map,36.722176 ,1480
 The Test has finished on 2018-03-29 05:21:43 GMT time 

 ======================== 
 ======================== 
 
 
