
 
 
 ###################### 
 ###################### 

 This is the result of test on 2018-03-29 20:25:57 GMT time 

 global_map,0 ,0
 global_map,1.272192 ,20
 global_map,1.272192 ,40
 global_map,2.351936 ,60
 global_map,2.914176 ,80
 global_map,3.068544 ,100
 global_map,3.632 ,120
 global_map,3.978112 ,140
 global_map,4.380928 ,160
 global_map,5.045504 ,180
 global_map,5.583808 ,200
 global_map,5.9792 ,220
 global_map,7.218048 ,240
 global_map,7.494144 ,260
 global_map,8.076224 ,280
 global_map,8.519296 ,300
 global_map,9.281152 ,320
 global_map,9.646784 ,340
 global_map,10.273664 ,360
 global_map,10.39584 ,380
 global_map,10.552064 ,400
 global_map,11.985408 ,420
 global_map,12.111936 ,440
 global_map,13.714816 ,460
 global_map,13.892224 ,480
 global_map,15.04064 ,500
 global_map,15.062464 ,520
 global_map,15.877952 ,540
 global_map,16.600832 ,560
 global_map,16.722752 ,580
 global_map,18.000256 ,600
 global_map,18.680512 ,620
 global_map,19.141568 ,640
 global_map,19.675328 ,660
 global_map,19.736064 ,680
 global_map,20.555584 ,700
 global_map,21.165312 ,720
 global_map,21.173696 ,740
 global_map,21.429888 ,760
 global_map,22.156608 ,780
 global_map,23.247744 ,800
 global_map,23.63936 ,820
 global_map,24.190016 ,840
 global_map,24.394048 ,860
 global_map,24.398464 ,880
 global_map,25.306944 ,900
 global_map,25.526784 ,920
 global_map,26.6704 ,940
 global_map,26.982016 ,960
 global_map,27.008192 ,980
 global_map,27.051328 ,1000
 global_map,27.066176 ,1020
 global_map,27.908736 ,1040
 global_map,27.908864 ,1060
 global_map,28.032832 ,1080
 global_map,28.068608 ,1100
 global_map,28.420416 ,1120
 global_map,28.460224 ,1140
 global_map,29.617152 ,1160
 global_map,30.74496 ,1180
 global_map,31.023616 ,1200
 global_map,31.06336 ,1220
 global_map,31.112 ,1240
 global_map,32.635456 ,1260
 global_map,32.717952 ,1280
 global_map,34.332544 ,1300
 global_map,34.343872 ,1320
 global_map,35.660224 ,1340
 global_map,35.668544 ,1360
 global_map,36.798848 ,1380
 global_map,36.889152 ,1400
 global_map,37.31232 ,1420
 global_map,37.553536 ,1440
 global_map,37.9536 ,1460
 global_map,38.357632 ,1480
 The Test has finished on 2018-03-29 21:28:26 GMT time 

 ======================== 
 ======================== 
 
 
