
 
 
 ###################### 
 ###################### 

 This is the result of test on 2018-03-30 11:14:28 GMT time 

 global_map,0 ,0
 global_map,1.236672 ,20
 global_map,1.236672 ,40
 global_map,2.719488 ,60
 global_map,3.263488 ,80
 global_map,3.317248 ,100
 global_map,4.206336 ,120
 global_map,5.253312 ,140
 global_map,6.308864 ,160
 global_map,6.969792 ,180
 global_map,8.4656 ,200
 global_map,8.558592 ,220
 global_map,9.4368 ,240
 global_map,10.630016 ,260
 global_map,11.588928 ,280
 global_map,12.738496 ,300
 global_map,13.620992 ,320
 global_map,15.166208 ,340
 global_map,15.572672 ,360
 global_map,15.88576 ,380
 global_map,15.894976 ,400
 global_map,15.901312 ,420
 global_map,15.904896 ,440
 global_map,15.90656 ,460
 global_map,16.995968 ,480
 global_map,17.133248 ,500
 global_map,17.299968 ,520
 global_map,19.338688 ,540
 global_map,21.935872 ,560
 global_map,22.689984 ,580
 global_map,23.479232 ,600
 global_map,24.107776 ,620
 global_map,25.249728 ,640
 global_map,25.665472 ,660
 global_map,25.826624 ,680
 global_map,27.348352 ,700
 global_map,27.5856 ,720
 global_map,27.611968 ,740
 global_map,28.052992 ,760
 global_map,28.071616 ,780
 global_map,28.87872 ,800
 global_map,31.069632 ,820
 global_map,31.072448 ,840
 global_map,31.161088 ,860
 global_map,31.193216 ,880
 global_map,33.25728 ,900
 global_map,33.260224 ,920
 global_map,34.180032 ,940
 global_map,34.44032 ,960
 global_map,34.455552 ,980
 global_map,35.304384 ,1000
 global_map,35.636736 ,1020
 global_map,35.80544 ,1040
 global_map,36.214464 ,1060
 global_map,36.96 ,1080
 global_map,37.282624 ,1100
 global_map,37.464512 ,1120
 global_map,37.505152 ,1140
 global_map,38.0304 ,1160
 global_map,38.121792 ,1180
 global_map,38.239872 ,1200
 global_map,37.760064 ,1220
 global_map,37.785472 ,1240
 global_map,37.788672 ,1260
 global_map,37.789696 ,1280
 global_map,37.7968 ,1300
 global_map,40.734016 ,1320
 global_map,41.046208 ,1340
 global_map,41.314432 ,1360
 global_map,44.290368 ,1380
 global_map,44.292928 ,1400
 global_map,44.625152 ,1420
 global_map,44.625344 ,1440
 global_map,46.088704 ,1460
 global_map,47.041472 ,1480
 The Test has finished on 2018-03-30 12:32:37 GMT time 

 ======================== 
 ======================== 
 
 
