
 
 
 ###################### 
 ###################### 

 This is the result of test on 2018-03-28 11:05:26 GMT time 

 global_map,0 ,0
 global_map,1.280064 ,20
 global_map,2.788096 ,40
 global_map,3.336896 ,60
 global_map,3.651328 ,80
 global_map,4.665664 ,100
 global_map,5.494848 ,120
 global_map,6.665664 ,140
 global_map,7.488384 ,160
 global_map,7.625472 ,180
 global_map,9.17152 ,200
 global_map,9.709376 ,220
 global_map,11.19872 ,240
 global_map,11.746496 ,260
 global_map,12.239296 ,280
 global_map,13.267968 ,300
 global_map,14.395008 ,320
 global_map,14.655424 ,340
 global_map,14.697152 ,360
 global_map,17.326592 ,380
 global_map,17.329536 ,400
 global_map,17.365824 ,420
 global_map,17.408192 ,440
 global_map,17.409856 ,460
 global_map,17.409856 ,480
 global_map,17.417088 ,500
 global_map,19.193472 ,520
 global_map,19.286208 ,540
 global_map,20.1376 ,560
 global_map,23.357696 ,580
 global_map,26.596096 ,600
 global_map,27.407232 ,620
 global_map,28.605056 ,640
 global_map,28.684096 ,660
 global_map,30.644736 ,680
 global_map,30.652416 ,700
 global_map,31.236032 ,720
 global_map,31.236032 ,740
 global_map,31.24896 ,760
 global_map,31.249024 ,780
 global_map,32.660992 ,800
 global_map,32.956672 ,820
 global_map,33.027968 ,840
 global_map,33.35808 ,860
 global_map,33.608384 ,880
 global_map,33.95552 ,900
 global_map,34.262976 ,920
 global_map,34.47936 ,940
 global_map,34.606016 ,960
 global_map,36.984576 ,980
 global_map,37.799104 ,1000
 global_map,38.032704 ,1020
 global_map,38.039808 ,1040
 global_map,42.218496 ,1060
 global_map,42.644032 ,1080
 global_map,42.668352 ,1100
 global_map,42.990656 ,1120
 global_map,43.072192 ,1140
 global_map,43.075584 ,1160
 global_map,43.45056 ,1180
 global_map,43.536064 ,1200
 global_map,43.670208 ,1220
 global_map,43.67488 ,1240
 global_map,43.912832 ,1260
 global_map,44.685312 ,1280
 global_map,44.860928 ,1300
 global_map,44.865344 ,1320
 global_map,44.900288 ,1340
 global_map,44.901248 ,1360
 global_map,44.902848 ,1380
 global_map,44.907968 ,1400
 global_map,44.907968 ,1420
 global_map,44.910464 ,1440
 global_map,44.916224 ,1460
 global_map,44.917568 ,1480
 The Test has finished on 2018-03-28 12:14:45 GMT time 

 ======================== 
 ======================== 
 
 
